#
# A fatal error has been detected by the Java Runtime Environment:
#
#  SIGSEGV (0xb) at pc=0x00007f8db6d78556, pid=75925, tid=75984
#
# JRE version: OpenJDK Runtime Environment (21.0.4+7) (build 21.0.4+7-Ubuntu-1ubuntu224.04)
# Java VM: OpenJDK 64-Bit Server VM (21.0.4+7-Ubuntu-1ubuntu224.04, mixed mode, sharing, tiered, compressed oops, compressed class ptrs, g1 gc, linux-amd64)
# Problematic frame:
# C  [libnvwgf2umx.so+0x319c556]
#
# No core dump will be written. Core dumps have been disabled. To enable core dumping, try "ulimit -c unlimited" before starting Java again
#
# If you would like to submit a bug report, please visit:
#   https://bugs.launchpad.net/ubuntu/+source/openjdk-21
#

---------------  S U M M A R Y ------------

Command Line: -Dapplication.home=/usr/lib/jvm/java-21-openjdk-amd64 --add-opens=java.base/java.io=jdk.jconsole --add-modules=ALL-DEFAULT -Djconsole.showOutputViewer -Djdk.attach.allowAttachSelf=true -Xms8m -Djdk.module.main=jdk.jconsole jdk.jconsole/sun.tools.jconsole.JConsole

Host: Intel(R) Core(TM) i5-9600K CPU @ 3.70GHz, 6 cores, 7G, Ubuntu 24.04.1 LTS
Time: Wed Oct 23 15:55:30 2024 CEST elapsed time: 19.373184 seconds (0d 0h 0m 19s)

---------------  T H R E A D  ---------------

Current thread is native thread

Stack: [0x00007f8e0c59b000,0x00007f8e0cd9b000],  sp=0x00007f8e0cd99e10,  free space=8187k
Native frames: (J=compiled Java code, j=interpreted, Vv=VM code, C=native code)
C  [libnvwgf2umx.so+0x319c556]

siginfo: si_signo: 11 (SIGSEGV), si_code: 1 (SEGV_MAPERR), si_addr: 0x00007f8e0cd9b000

Registers:
RAX=0x000000000000001e, RBX=0x00007f8dc0215cc0, RCX=0x00007f8dc0216901, RDX=0x00007f8e0cd99e20
RSP=0x00007f8e0cd99e10, RBP=0x0000000000000000, RSI=0x00007f8dc0215cc0, RDI=0x00007f8dc019c7c0
R8 =0x00007f8dc019c7c0, R9 =0x0000000000000007, R10=0x00007f8dac000b70, R11=0x4345d80b456aec0e
R12=0x00007f8e0cd99e77, R13=0x0000000000000000, R14=0x00007f8e0cd9b000, R15=0x0000000000000000
RIP=0x00007f8db6d78556, EFLAGS=0x0000000000010246, CSGSFS=0x002b000000000033, ERR=0x0000000000000004
  TRAPNO=0x000000000000000e


Top of Stack: (sp=0x00007f8e0cd99e10)
0x00007f8e0cd99e10:   00007f8dc019c7c0 c0216901c019c968
0x00007f8e0cd99e20:   00007f8dc0215cc0 00007f8e0cd99e20
0x00007f8e0cd99e30:   00007f8e0cd99e77 00007f8dc019c7c0
0x00007f8e0cd99e40:   00007f8dc0215cc0 00007f8e0cd99e77
0x00007f8e0cd99e50:   00007f8dc019c968 00007f8e0cd99e76
0x00007f8e0cd99e60:   0000000000000000 00007f8db6d7701e
0x00007f8e0cd99e70:   00000062696c6720 2064616572687470
0x00007f8e0cd99e80:   37203a6b63617473 00007f8e0cd9acdc
0x00007f8e0cd99e90:   00007f8e0cd9a6c0 ffffffffffffff88
0x00007f8e0cd99ea0:   0000000000000002 00007f8e0e09cde0
0x00007f8e0cd99eb0:   00007f8e0cd99f70 00007f8db6d76f96
0x00007f8e0cd99ec0:   00007f8e0cd9a6c0 00007f8e90d80a94
0x00007f8e0cd99ed0:   0000000000000000 00007f8e0cd9a6c0
0x00007f8e0cd99ee0:   00007f8e0cd9a6c0 fc417ee8b632fdcb
0x00007f8e0cd99ef0:   00007f8e0cd9a6c0 ffffffffffffff88
0x00007f8e0cd99f00:   0000000000000002 00007f8e0e09cde0
0x00007f8e0cd99f10:   fc417ee8b572fdcb fc4046eb8708fdcb
0x00007f8e0cd99f20:   0000000000000000 0000000000000000
0x00007f8e0cd99f30:   0000000000000000 0000000000000000
0x00007f8e0cd99f40:   0000000000000000 1ff1accb98360c00
0x00007f8e0cd99f50:   0000000000000000 00007f8e90d80710
0x00007f8e0cd99f60:   00007f8e0cd9a6c0 ffffffffffffff88
0x00007f8e0cd99f70:   0000000000000000 00007f8e90e0dc3c
0x00007f8e0cd99f80:   0000000000000000 0000000000000000
0x00007f8e0cd99f90:   0000000000000000 0000000000000000
0x00007f8e0cd99fa0:   0000000000000000 0000000000000000
0x00007f8e0cd99fb0:   0000000000000000 0000000000000000
0x00007f8e0cd99fc0:   0000000000000000 0000000000000000
0x00007f8e0cd99fd0:   0000000000000000 0000000000000000
0x00007f8e0cd99fe0:   0000000000000000 0000000000000000
0x00007f8e0cd99ff0:   0000000000000000 0000000000000000
0x00007f8e0cd9a000:   0000000000000000 0000000000000000 

Instructions: (pc=0x00007f8db6d78556)
0x00007f8db6d78456:   8d 7c 24 30 e8 f1 b2 81 fe 4c 89 ff e8 e9 b2 81
0x00007f8db6d78466:   fe 48 8b 44 24 38 48 81 c4 88 00 00 00 5b 41 5c
0x00007f8db6d78476:   41 5d 41 5e 41 5f 5d c3 eb 0a eb 37 eb 35 eb 44
0x00007f8db6d78486:   eb 02 eb 2f 48 89 c3 48 8d 7c 24 30 e8 b9 b2 81
0x00007f8db6d78496:   fe eb 23 eb 1e 48 89 c3 48 8d 7c 24 30 e8 a8 b2
0x00007f8db6d784a6:   81 fe eb 03 48 89 c3 48 8d 7c 24 48 e8 99 b2 81
0x00007f8db6d784b6:   fe eb 03 48 89 c3 48 8d 7c 24 40 e8 8a b2 81 fe
0x00007f8db6d784c6:   eb 05 eb 00 48 89 c3 48 8b 7c 24 38 e8 79 b2 81
0x00007f8db6d784d6:   fe 48 89 df e8 91 f4 68 fe cc 55 41 57 41 56 41
0x00007f8db6d784e6:   55 41 54 53 48 83 ec 28 f6 47 28 10 0f 84 5d 01
0x00007f8db6d784f6:   00 00 48 89 f3 8b 46 10 85 c0 0f 84 4f 01 00 00
0x00007f8db6d78506:   49 89 d4 49 89 f8 4c 8b 73 28 b1 01 89 4c 24 0c
0x00007f8db6d78516:   45 31 ff 48 8d 54 24 10 45 31 ed 4c 89 64 24 20
0x00007f8db6d78526:   48 89 3c 24 48 89 54 24 18 eb 25 90 90 90 90 90
0x00007f8db6d78536:   90 90 90 90 90 90 90 90 90 90 8b 43 10 49 83 c5
0x00007f8db6d78546:   01 89 c1 41 83 c7 01 49 39 cd 0f 83 ff 00 00 00
0x00007f8db6d78556:   43 8b 0c ae 0f b7 c9 42 3b 8c ab 4c 04 00 00 74
0x00007f8db6d78566:   dc 42 89 8c ab 4c 04 00 00 8b 4b 0c 85 c9 74 cd
0x00007f8db6d78576:   31 ed eb 1e 8b 73 04 4c 89 c7 44 89 ea 89 e9 e8
0x00007f8db6d78586:   c6 ef 45 00 4c 8b 04 24 83 c5 01 8b 4b 0c 39 cd
0x00007f8db6d78596:   73 a8 41 0f af cf 01 e9 41 0f b6 84 0e 80 90 00
0x00007f8db6d785a6:   00 24 7f 8d 50 e0 80 fa 15 72 0a 89 c2 80 ca 01
0x00007f8db6d785b6:   80 fa 07 75 d3 48 8b 93 50 08 00 00 3a 04 0a 74
0x00007f8db6d785c6:   c7 88 04 0a 41 c6 04 24 01 41 80 78 2d 00 75 a4
0x00007f8db6d785d6:   f6 44 24 0c 01 75 09 41 f6 40 28 20 75 aa eb 33
0x00007f8db6d785e6:   4c 8d 64 24 10 4c 89 e7 4c 89 c6 48 89 da e8 27
0x00007f8db6d785f6:   de 45 00 48 8b 3c 24 4c 89 e6 e8 9b df ff ff 4c
0x00007f8db6d78606:   89 e7 e8 43 b1 81 fe c7 44 24 0c 00 00 00 00 4c
0x00007f8db6d78616:   8b 04 24 8b 53 04 45 0f b6 48 2c 4c 8d 64 24 10
0x00007f8db6d78626:   4c 89 e7 4c 89 c6 44 89 e9 41 89 e8 e8 09 de 45
0x00007f8db6d78636:   00 48 8b 3c 24 4c 89 e6 e8 5d df ff ff 4c 89 e7
0x00007f8db6d78646:   e8 05 b1 81 fe 4c 8b 64 24 20 e9 35 ff ff ff 48 



---------------  P R O C E S S  ---------------

VM state: at safepoint (shutting down)

VM Mutex/Monitor currently owned by a thread:  ([mutex/lock_event])
[0x00007f8e90cade20] Threads_lock - owner thread: 0x00007f8e880d2b30
[0x00007f8e90cadd20] Heap_lock - owner thread: 0x00007f8df80091b0

Heap address: 0x0000000084400000, size: 1980 MB, Compressed Oops mode: 32-bit

CDS archive(s) mapped at: [0x00007f8e13000000-0x00007f8e13cae000-0x00007f8e13cae000), size 13295616, SharedBaseAddress: 0x00007f8e13000000, ArchiveRelocationMode: 1.
Compressed class space mapped at: 0x00007f8e14000000-0x00007f8e54000000, reserved size: 1073741824
Narrow klass base: 0x00007f8e13000000, Narrow klass shift: 0, Narrow klass range: 0x100000000

GC Precious Log:
<Skipped>

Heap:
 garbage-first heap   total 10240K, used 3888K [0x0000000084400000, 0x0000000100000000)
  region size 1024K, 2 young (2048K), 1 survivors (1024K)
 Metaspace       used 14252K, committed 14528K, reserved 1114112K
  class space    used 1597K, committed 1728K, reserved 1048576K

Heap Regions: E=young(eden), S=young(survivor), O=old, HS=humongous(starts), HC=humongous(continues), CS=collection set, F=free, TAMS=top-at-mark-start, PB=parsable bottom
|   0|0x0000000084400000, 0x0000000084500000, 0x0000000084500000|100%| O|  |TAMS 0x0000000084400000| PB 0x0000000084400000| Untracked 
|   1|0x0000000084500000, 0x0000000084600000, 0x0000000084600000|100%| O|  |TAMS 0x0000000084500000| PB 0x0000000084500000| Untracked 
|   2|0x0000000084600000, 0x00000000846875b0, 0x0000000084700000| 52%| O|  |TAMS 0x0000000084600000| PB 0x0000000084600000| Untracked 
|   3|0x0000000084700000, 0x0000000084700000, 0x0000000084800000|  0%| F|  |TAMS 0x0000000084700000| PB 0x0000000084700000| Untracked 
|   4|0x0000000084800000, 0x0000000084800000, 0x0000000084900000|  0%| F|  |TAMS 0x0000000084800000| PB 0x0000000084800000| Untracked 
|   5|0x0000000084900000, 0x0000000084944c28, 0x0000000084a00000| 26%| S|CS|TAMS 0x0000000084900000| PB 0x0000000084900000| Complete 
|   6|0x0000000084a00000, 0x0000000084a00000, 0x0000000084b00000|  0%| F|  |TAMS 0x0000000084a00000| PB 0x0000000084a00000| Untracked 
|   7|0x0000000084b00000, 0x0000000084b00000, 0x0000000084c00000|  0%| F|  |TAMS 0x0000000084b00000| PB 0x0000000084b00000| Untracked 
|1978|0x00000000ffe00000, 0x00000000fff00000, 0x00000000fff00000|100%| O|  |TAMS 0x00000000ffe00000| PB 0x00000000ffe00000| Untracked 
|1979|0x00000000fff00000, 0x00000000ffff6098, 0x0000000100000000| 96%| E|  |TAMS 0x00000000fff00000| PB 0x00000000fff00000| Complete 

Card table byte_map: [0x00007f8e8e33e000,0x00007f8e8e71c000] _byte_map_base: 0x00007f8e8df1c000

Marking Bits: (CMBitMap*) 0x00007f8e880723b0
 Bits: [0x00007f8e8c44e000, 0x00007f8e8e33e000)

Polling page: 0x00007f8e90f26000

Metaspace:

Usage:
  Non-class:     12.36 MB used.
      Class:      1.56 MB used.
       Both:     13.92 MB used.

Virtual space:
  Non-class space:       64.00 MB reserved,      12.50 MB ( 20%) committed,  1 nodes.
      Class space:        1.00 GB reserved,       1.69 MB ( <1%) committed,  1 nodes.
             Both:        1.06 GB reserved,      14.19 MB (  1%) committed. 

Chunk freelists:
   Non-Class:  2.98 MB
       Class:  14.23 MB
        Both:  17.21 MB

MaxMetaspaceSize: unlimited
CompressedClassSpaceSize: 1.00 GB
Initial GC threshold: 21.00 MB
Current GC threshold: 21.00 MB
CDS: on
 - commit_granule_bytes: 65536.
 - commit_granule_words: 8192.
 - virtual_space_node_default_size: 8388608.
 - enlarge_chunks_in_place: 1.
 - use_allocation_guard: 0.


Internal statistics:

num_allocs_failed_limit: 0.
num_arena_births: 238.
num_arena_deaths: 0.
num_vsnodes_births: 2.
num_vsnodes_deaths: 0.
num_space_committed: 227.
num_space_uncommitted: 0.
num_chunks_returned_to_freelist: 0.
num_chunks_taken_from_freelist: 352.
num_chunk_merges: 0.
num_chunk_splits: 202.
num_chunks_enlarged: 89.
num_inconsistent_stats: 0.

CodeHeap 'non-profiled nmethods': size=120032Kb used=583Kb max_used=583Kb free=119448Kb
 bounds [0x00007f8e784c6000, 0x00007f8e78736000, 0x00007f8e7f9fe000]
CodeHeap 'profiled nmethods': size=120028Kb used=2922Kb max_used=2922Kb free=117105Kb
 bounds [0x00007f8e709fe000, 0x00007f8e70cde000, 0x00007f8e77f35000]
CodeHeap 'non-nmethods': size=5700Kb used=1669Kb max_used=1692Kb free=4030Kb
 bounds [0x00007f8e77f35000, 0x00007f8e781a5000, 0x00007f8e784c6000]
 total_blobs=2526 nmethods=1790 adapters=642
 compilation: enabled
              stopped_count=0, restarted_count=0
 full_count=0

Compilation events (20 events):
Event: 4.881 Thread 0x00007f8e880eb840 1782   !   3       java.util.concurrent.locks.AbstractQueuedSynchronizer::acquire (424 bytes)
Event: 4.883 Thread 0x00007f8e880eb840 nmethod 1782 0x00007f8e70cd0310 code [0x00007f8e70cd06e0, 0x00007f8e70cd2220]
Event: 4.883 Thread 0x00007f8e880eb840 1781   !   3       java.awt.event.InputEvent::canAccessSystemClipboard (57 bytes)
Event: 4.883 Thread 0x00007f8e880eb840 nmethod 1781 0x00007f8e70cd2b90 code [0x00007f8e70cd2dc0, 0x00007f8e70cd3510]
Event: 4.883 Thread 0x00007f8e880eb840 1783       3       java.awt.KeyboardFocusManager::getCurrentKeyboardFocusManager (7 bytes)
Event: 4.883 Thread 0x00007f8e880eb840 nmethod 1783 0x00007f8e70cd3810 code [0x00007f8e70cd3a00, 0x00007f8e70cd3ee0]
Event: 4.899 Thread 0x00007f8e880eb840 1784       3       java.util.WeakHashMap::get (75 bytes)
Event: 4.899 Thread 0x00007f8e880eb840 nmethod 1784 0x00007f8e70cd4110 code [0x00007f8e70cd4340, 0x00007f8e70cd4be0]
Event: 5.155 Thread 0x00007f8e880eb840 1785       3       java.security.ProtectionDomain$JavaSecurityAccessImpl::doIntersectionPrivilege (22 bytes)
Event: 5.156 Thread 0x00007f8e880eb840 nmethod 1785 0x00007f8e70cd4f90 code [0x00007f8e70cd51a0, 0x00007f8e70cd5740]
Event: 5.156 Thread 0x00007f8e880eb840 1786       3       java.security.ProtectionDomain$JavaSecurityAccessImpl::getCombinedACC (30 bytes)
Event: 5.156 Thread 0x00007f8e880eb840 nmethod 1786 0x00007f8e70cd5990 code [0x00007f8e70cd5b60, 0x00007f8e70cd5f48]
Event: 5.156 Thread 0x00007f8e880eb840 1787       1       javax.swing.JComponent::isPaintingOrigin (2 bytes)
Event: 5.156 Thread 0x00007f8e880eb840 nmethod 1787 0x00007f8e78557b10 code [0x00007f8e78557ca0, 0x00007f8e78557d60]
Event: 5.156 Thread 0x00007f8e880eb840 1788       3       sun.java2d.SunGraphics2D::setColor (108 bytes)
Event: 5.156 Thread 0x00007f8e880eb840 nmethod 1788 0x00007f8e70cd6110 code [0x00007f8e70cd62e0, 0x00007f8e70cd6778]
Event: 5.156 Thread 0x00007f8e880eb840 1789       3       sun.java2d.loops.ProcessPath$DrawProcessHandler::processFixedLine (425 bytes)
Event: 5.157 Thread 0x00007f8e880eb840 nmethod 1789 0x00007f8e70cd6810 code [0x00007f8e70cd6a00, 0x00007f8e70cd7210]
Event: 5.157 Thread 0x00007f8e880eb840 1790       3       sun.java2d.loops.ProcessPath$DrawProcessHandler::PROCESS_LINE (476 bytes)
Event: 5.157 Thread 0x00007f8e880eb840 nmethod 1790 0x00007f8e70cd7390 code [0x00007f8e70cd7620, 0x00007f8e70cd8510]

GC Heap History (12 events):
Event: 0.190 GC heap before
{Heap before GC invocations=0 (full 0):
 garbage-first heap   total 10240K, used 4126K [0x0000000084400000, 0x0000000100000000)
  region size 1024K, 3 young (3072K), 0 survivors (0K)
 Metaspace       used 4153K, committed 4352K, reserved 1114112K
  class space    used 423K, committed 512K, reserved 1048576K
}
Event: 0.193 GC heap after
{Heap after GC invocations=1 (full 0):
 garbage-first heap   total 10240K, used 2014K [0x0000000084400000, 0x0000000100000000)
  region size 1024K, 1 young (1024K), 1 survivors (1024K)
 Metaspace       used 4153K, committed 4352K, reserved 1114112K
  class space    used 423K, committed 512K, reserved 1048576K
}
Event: 1.692 GC heap before
{Heap before GC invocations=1 (full 0):
 garbage-first heap   total 10240K, used 4062K [0x0000000084400000, 0x0000000100000000)
  region size 1024K, 3 young (3072K), 1 survivors (1024K)
 Metaspace       used 6918K, committed 7168K, reserved 1114112K
  class space    used 767K, committed 896K, reserved 1048576K
}
Event: 1.695 GC heap after
{Heap after GC invocations=2 (full 0):
 garbage-first heap   total 10240K, used 2724K [0x0000000084400000, 0x0000000100000000)
  region size 1024K, 1 young (1024K), 1 survivors (1024K)
 Metaspace       used 6918K, committed 7168K, reserved 1114112K
  class space    used 767K, committed 896K, reserved 1048576K
}
Event: 1.846 GC heap before
{Heap before GC invocations=2 (full 0):
 garbage-first heap   total 10240K, used 3748K [0x0000000084400000, 0x0000000100000000)
  region size 1024K, 3 young (3072K), 1 survivors (1024K)
 Metaspace       used 10781K, committed 11008K, reserved 1114112K
  class space    used 1237K, committed 1344K, reserved 1048576K
}
Event: 1.847 GC heap after
{Heap after GC invocations=3 (full 0):
 garbage-first heap   total 10240K, used 3349K [0x0000000084400000, 0x0000000100000000)
  region size 1024K, 1 young (1024K), 1 survivors (1024K)
 Metaspace       used 10781K, committed 11008K, reserved 1114112K
  class space    used 1237K, committed 1344K, reserved 1048576K
}
Event: 1.935 GC heap before
{Heap before GC invocations=3 (full 0):
 garbage-first heap   total 10240K, used 5397K [0x0000000084400000, 0x0000000100000000)
  region size 1024K, 3 young (3072K), 1 survivors (1024K)
 Metaspace       used 12653K, committed 12928K, reserved 1114112K
  class space    used 1446K, committed 1536K, reserved 1048576K
}
Event: 1.937 GC heap after
{Heap after GC invocations=4 (full 0):
 garbage-first heap   total 10240K, used 3709K [0x0000000084400000, 0x0000000100000000)
  region size 1024K, 1 young (1024K), 1 survivors (1024K)
 Metaspace       used 12653K, committed 12928K, reserved 1114112K
  class space    used 1446K, committed 1536K, reserved 1048576K
}
Event: 1.983 GC heap before
{Heap before GC invocations=5 (full 0):
 garbage-first heap   total 10240K, used 4733K [0x0000000084400000, 0x0000000100000000)
  region size 1024K, 2 young (2048K), 1 survivors (1024K)
 Metaspace       used 13391K, committed 13632K, reserved 1114112K
  class space    used 1521K, committed 1600K, reserved 1048576K
}
Event: 1.985 GC heap after
{Heap after GC invocations=6 (full 0):
 garbage-first heap   total 10240K, used 4035K [0x0000000084400000, 0x0000000100000000)
  region size 1024K, 1 young (1024K), 1 survivors (1024K)
 Metaspace       used 13391K, committed 13632K, reserved 1114112K
  class space    used 1521K, committed 1600K, reserved 1048576K
}
Event: 2.000 GC heap before
{Heap before GC invocations=6 (full 0):
 garbage-first heap   total 10240K, used 4035K [0x0000000084400000, 0x0000000100000000)
  region size 1024K, 2 young (2048K), 1 survivors (1024K)
 Metaspace       used 13468K, committed 13696K, reserved 1114112K
  class space    used 1527K, committed 1600K, reserved 1048576K
}
Event: 2.001 GC heap after
{Heap after GC invocations=7 (full 0):
 garbage-first heap   total 10240K, used 3888K [0x0000000084400000, 0x0000000100000000)
  region size 1024K, 1 young (1024K), 1 survivors (1024K)
 Metaspace       used 13468K, committed 13696K, reserved 1114112K
  class space    used 1527K, committed 1600K, reserved 1048576K
}

Dll operation events (9 events):
Event: 0.001 Loaded shared library /usr/lib/jvm/java-21-openjdk-amd64/lib/libjava.so
Event: 0.022 Loaded shared library /usr/lib/jvm/java-21-openjdk-amd64/lib/libjsvml.so
Event: 0.052 Loaded shared library /usr/lib/jvm/java-21-openjdk-amd64/lib/libnio.so
Event: 0.053 Loaded shared library /usr/lib/jvm/java-21-openjdk-amd64/lib/libjimage.so
Event: 0.069 Loaded shared library /usr/lib/jvm/java-21-openjdk-amd64/lib/libawt.so
Event: 0.072 Loaded shared library /usr/lib/jvm/java-21-openjdk-amd64/lib/libawt_xawt.so
Event: 0.104 Loaded shared library /usr/lib/jvm/java-21-openjdk-amd64/lib/libfontmanager.so
Event: 1.707 Loaded shared library /usr/lib/jvm/java-21-openjdk-amd64/lib/libnet.so
Event: 1.805 Loaded shared library /usr/lib/jvm/java-21-openjdk-amd64/lib/libzip.so

Deoptimization events (20 events):
Event: 1.971 Thread 0x00007f8e8829c8f0 Uncommon trap: trap_request=0xffffff45 fr.pc=0x00007f8e78513cc8 relative=0x0000000000000368
Event: 1.971 Thread 0x00007f8e8829c8f0 Uncommon trap: reason=unstable_if action=reinterpret pc=0x00007f8e78513cc8 method=java.util.concurrent.ConcurrentHashMap.get(Ljava/lang/Object;)Ljava/lang/Object; @ 76 c2
Event: 1.971 Thread 0x00007f8e8829c8f0 DEOPT PACKING pc=0x00007f8e78513cc8 sp=0x00007f8e0e09ff40
Event: 1.971 Thread 0x00007f8e8829c8f0 DEOPT UNPACKING pc=0x00007f8e77f88f99 sp=0x00007f8e0e09fec8 mode 2
Event: 1.981 Thread 0x00007f8e8829c8f0 Uncommon trap: trap_request=0xffffff5c fr.pc=0x00007f8e78535974 relative=0x0000000000000074
Event: 1.981 Thread 0x00007f8e8829c8f0 Uncommon trap: reason=speculate_null_check action=make_not_entrant pc=0x00007f8e78535974 method=jdk.internal.misc.Unsafe.getIntUnaligned(Ljava/lang/Object;JZ)I @ 5 c2
Event: 1.981 Thread 0x00007f8e8829c8f0 DEOPT PACKING pc=0x00007f8e78535974 sp=0x00007f8e0e0a0b00
Event: 1.981 Thread 0x00007f8e8829c8f0 DEOPT UNPACKING pc=0x00007f8e77f88f99 sp=0x00007f8e0e0a0a78 mode 2
Event: 1.981 Thread 0x00007f8e8829c8f0 Uncommon trap: trap_request=0xffffff45 fr.pc=0x00007f8e78523a00 relative=0x0000000000002020
Event: 1.981 Thread 0x00007f8e8829c8f0 Uncommon trap: reason=unstable_if action=reinterpret pc=0x00007f8e78523a00 method=java.io.StreamTokenizer.nextToken()I @ 73 c2
Event: 1.981 Thread 0x00007f8e8829c8f0 DEOPT PACKING pc=0x00007f8e78523a00 sp=0x00007f8e0e0a0d10
Event: 1.981 Thread 0x00007f8e8829c8f0 DEOPT UNPACKING pc=0x00007f8e77f88f99 sp=0x00007f8e0e0a0cc0 mode 2
Event: 1.981 Thread 0x00007f8e8829c8f0 DEOPT PACKING pc=0x00007f8e70b94747 sp=0x00007f8e0e0a0660
Event: 1.981 Thread 0x00007f8e8829c8f0 DEOPT UNPACKING pc=0x00007f8e77f8972f sp=0x00007f8e0e09fb20 mode 0
Event: 1.982 Thread 0x00007f8e8829c8f0 DEOPT PACKING pc=0x00007f8e70b94747 sp=0x00007f8e0e0a0550
Event: 1.982 Thread 0x00007f8e8829c8f0 DEOPT UNPACKING pc=0x00007f8e77f8972f sp=0x00007f8e0e09fa10 mode 0
Event: 1.982 Thread 0x00007f8e8829c8f0 DEOPT PACKING pc=0x00007f8e70b94747 sp=0x00007f8e0e0a04a0
Event: 1.982 Thread 0x00007f8e8829c8f0 DEOPT UNPACKING pc=0x00007f8e77f8972f sp=0x00007f8e0e09f960 mode 0
Event: 1.983 Thread 0x00007f8e8829c8f0 DEOPT PACKING pc=0x00007f8e70b94747 sp=0x00007f8e0e0a0600
Event: 1.983 Thread 0x00007f8e8829c8f0 DEOPT UNPACKING pc=0x00007f8e77f8972f sp=0x00007f8e0e09fac0 mode 0

Classes loaded (20 events):
Event: 2.768 Loading class sun/awt/AWTAccessor$MouseEventAccessor done
Event: 2.768 Loading class java/awt/event/MouseEvent$1 done
Event: 2.768 Loading class sun/awt/X11/XMotionEvent
Event: 2.769 Loading class sun/awt/X11/XMotionEvent done
Event: 2.769 Loading class java/awt/Container$MouseEventTargetFilter
Event: 2.769 Loading class java/awt/Container$EventTargetFilter
Event: 2.769 Loading class java/awt/Container$EventTargetFilter done
Event: 2.769 Loading class java/awt/Container$MouseEventTargetFilter done
Event: 2.769 Loading class java/awt/LightweightDispatcher$1
Event: 2.769 Loading class java/awt/LightweightDispatcher$1 done
Event: 2.769 Loading class java/awt/event/MouseWheelEvent
Event: 2.769 Loading class java/awt/event/MouseWheelEvent done
Event: 4.899 Loading class java/awt/LightweightDispatcher$2
Event: 4.899 Loading class java/awt/LightweightDispatcher$2 done
Event: 19.050 Loading class jdk/internal/misc/Signal$1
Event: 19.050 Loading class jdk/internal/misc/Signal$1 done
Event: 19.051 Loading class sun/awt/X11/XSystemTrayPeer
Event: 19.051 Loading class java/awt/peer/SystemTrayPeer
Event: 19.051 Loading class java/awt/peer/SystemTrayPeer done
Event: 19.051 Loading class sun/awt/X11/XSystemTrayPeer done

Classes unloaded (0 events):
No events

Classes redefined (0 events):
No events

Internal exceptions (18 events):
Event: 0.064 Thread 0x00007f8e88019f70 Exception <a 'java/lang/ClassNotFoundException'{0x0000000084a23078}: sun/awt/resources/spi/awtProvider> (0x0000000084a23078) 
thrown [./src/hotspot/share/classfile/systemDictionary.cpp, line 312]
Event: 0.067 Thread 0x00007f8e88019f70 Implicit null exception at 0x00007f8e784d0fe3 to 0x00007f8e784d1140
Event: 0.080 Thread 0x00007f8e88019f70 Exception <a 'java/io/FileNotFoundException'{0x0000000084a81ed0}> (0x0000000084a81ed0) 
thrown [./src/hotspot/share/prims/jni.cpp, line 520]
Event: 0.179 Thread 0x00007f8e88019f70 Exception <a 'java/lang/NoSuchMethodError'{0x000000008497cac0}: 'void java.lang.invoke.DirectMethodHandle$Holder.invokeSpecial(java.lang.Object, java.lang.Object, java.lang.Object)'> (0x000000008497cac0) 
thrown [./src/hotspot/share/interpreter/linkResolver.cpp, line 772]
Event: 0.184 Thread 0x00007f8e88019f70 Exception <a 'java/lang/NoSuchMethodError'{0x00000000849a5910}: 'java.lang.Object java.lang.invoke.DirectMethodHandle$Holder.newInvokeSpecial(java.lang.Object, java.lang.Object, java.lang.Object, java.lang.Object, java.lang.Object)'> (0x00000000849a5910) 
thrown [./src/hotspot/share/interpreter/linkResolver.cpp, line 772]
Event: 0.187 Thread 0x00007f8e88019f70 Exception <a 'java/lang/NoSuchMethodError'{0x00000000849d2978}: 'java.lang.Object java.lang.invoke.DirectMethodHandle$Holder.invokeStatic(java.lang.Object, int, java.lang.Object)'> (0x00000000849d2978) 
thrown [./src/hotspot/share/interpreter/linkResolver.cpp, line 772]
Event: 0.204 Thread 0x00007f8e88019f70 Exception <a 'java/lang/NoSuchMethodError'{0x0000000084b822c0}: 'void java.lang.invoke.DirectMethodHandle$Holder.invokeStatic(java.lang.Object, java.lang.Object)'> (0x0000000084b822c0) 
thrown [./src/hotspot/share/interpreter/linkResolver.cpp, line 772]
Event: 0.220 Thread 0x00007f8e88019f70 Exception <a 'java/lang/NoSuchMethodError'{0x0000000084bfde08}: 'void java.lang.invoke.Invokers$Holder.invokeExact_MT(java.lang.Object, java.lang.Object, java.lang.Object)'> (0x0000000084bfde08) 
thrown [./src/hotspot/share/interpreter/linkResolver.cpp, line 772]
Event: 0.224 Thread 0x00007f8e88019f70 Exception <a 'java/lang/NoSuchMethodError'{0x0000000084a12f78}: 'int java.lang.invoke.Invokers$Holder.invokeExact_MT(java.lang.Object, java.lang.Object)'> (0x0000000084a12f78) 
thrown [./src/hotspot/share/interpreter/linkResolver.cpp, line 772]
Event: 0.250 Thread 0x00007f8e8829c8f0 Exception <a 'java/lang/ClassNotFoundException'{0x0000000084ab2b40}: com/sun/swing/internal/plaf/metal/resources/spi/metalProvider> (0x0000000084ab2b40) 
thrown [./src/hotspot/share/classfile/systemDictionary.cpp, line 312]
Event: 0.250 Thread 0x00007f8e8829c8f0 Exception <a 'java/lang/ClassNotFoundException'{0x0000000084ab6720}: com/sun/swing/internal/plaf/basic/resources/spi/basicProvider> (0x0000000084ab6720) 
thrown [./src/hotspot/share/classfile/systemDictionary.cpp, line 312]
Event: 1.686 Thread 0x00007f8e8829c8f0 Exception <a 'java/lang/NoSuchMethodError'{0x0000000084af2e38}: 'void java.lang.invoke.DirectMethodHandle$Holder.invokeStaticInit(java.lang.Object)'> (0x0000000084af2e38) 
thrown [./src/hotspot/share/interpreter/linkResolver.cpp, line 772]
Event: 1.778 Thread 0x00007f8dc04e5d60 Exception <a 'java/lang/NoSuchMethodError'{0x0000000084a097a8}: 'java.lang.Object java.lang.invoke.DirectMethodHandle$Holder.newInvokeSpecial(java.lang.Object, java.lang.Object, java.lang.Object, int, int, int, int, int)'> (0x0000000084a097a8) 
thrown [./src/hotspot/share/interpreter/linkResolver.cpp, line 772]
Event: 1.796 Thread 0x00007f8e8829c8f0 Implicit null exception at 0x00007f8e784f1e1d to 0x00007f8e784f1ea1
Event: 1.863 Thread 0x00007f8e8829c8f0 Exception <a 'java/lang/NoSuchMethodError'{0x0000000084b1fb18}: 'java.lang.Object java.lang.invoke.DirectMethodHandle$Holder.newInvokeSpecial(java.lang.Object, java.lang.Object, int)'> (0x0000000084b1fb18) 
thrown [./src/hotspot/share/interpreter/linkResolver.cpp, line 772]
Event: 1.863 Thread 0x00007f8e8829c8f0 Exception <a 'java/lang/NoSuchMethodError'{0x0000000084b246a0}: 'int java.lang.invoke.DirectMethodHandle$Holder.invokeSpecial(java.lang.Object, java.lang.Object, java.lang.Object, int)'> (0x0000000084b246a0) 
thrown [./src/hotspot/share/interpreter/linkResolver.cpp, line 772]
Event: 1.865 Thread 0x00007f8e8829c8f0 Exception <a 'java/lang/NoSuchMethodError'{0x0000000084b37810}: 'java.lang.Object java.lang.invoke.DirectMethodHandle$Holder.invokeStatic(java.lang.Object, java.lang.Object, java.lang.Object, java.lang.Object, int)'> (0x0000000084b37810) 
thrown [./src/hotspot/share/interpreter/linkResolver.cpp, line 772]
Event: 1.866 Thread 0x00007f8e8829c8f0 Exception <a 'java/lang/NoSuchMethodError'{0x0000000084b432f8}: 'int java.lang.invoke.DirectMethodHandle$Holder.invokeSpecial(java.lang.Object, java.lang.Object, java.lang.Object)'> (0x0000000084b432f8) 
thrown [./src/hotspot/share/interpreter/linkResolver.cpp, line 772]

ZGC Phase Switch (0 events):
No events

VM Operations (20 events):
Event: 1.938 Executing VM operation: HandshakeAllThreads (Deoptimize) done
Event: 1.939 Executing VM operation: G1PauseRemark
Event: 1.940 Executing VM operation: G1PauseRemark done
Event: 1.941 Executing VM operation: G1PauseCleanup
Event: 1.942 Executing VM operation: G1PauseCleanup done
Event: 1.983 Executing VM operation: G1CollectForAllocation (G1 Evacuation Pause)
Event: 1.985 Executing VM operation: G1CollectForAllocation (G1 Evacuation Pause) done
Event: 2.000 Executing VM operation: G1CollectForAllocation (G1 Evacuation Pause)
Event: 2.002 Executing VM operation: G1CollectForAllocation (G1 Evacuation Pause) done
Event: 2.021 Executing VM operation: HandshakeAllThreads (Deoptimize)
Event: 2.021 Executing VM operation: HandshakeAllThreads (Deoptimize) done
Event: 3.022 Executing VM operation: Cleanup
Event: 3.022 Executing VM operation: Cleanup done
Event: 4.023 Executing VM operation: Cleanup
Event: 4.023 Executing VM operation: Cleanup done
Event: 5.025 Executing VM operation: Cleanup
Event: 5.025 Executing VM operation: Cleanup done
Event: 6.029 Executing VM operation: Cleanup
Event: 6.029 Executing VM operation: Cleanup done
Event: 19.053 Executing VM operation: Exit

Memory protections (20 events):
Event: 0.021 Protecting memory [0x00007f8e61dff000,0x00007f8e61e03000] with protection modes 0
Event: 0.021 Protecting memory [0x00007f8e61cfe000,0x00007f8e61d02000] with protection modes 0
Event: 0.021 Protecting memory [0x00007f8e61bfd000,0x00007f8e61c01000] with protection modes 0
Event: 0.021 Protecting memory [0x00007f8e61afc000,0x00007f8e61b00000] with protection modes 0
Event: 0.021 Protecting memory [0x00007f8e619fb000,0x00007f8e619ff000] with protection modes 0
Event: 0.022 Protecting memory [0x00007f8e618fa000,0x00007f8e618fe000] with protection modes 0
Event: 0.022 Protecting memory [0x00007f8e617f9000,0x00007f8e617fd000] with protection modes 0
Event: 0.035 Protecting memory [0x00007f8e61627000,0x00007f8e6162b000] with protection modes 0
Event: 0.051 Protecting memory [0x00007f8e61526000,0x00007f8e6152a000] with protection modes 0
Event: 0.130 Protecting memory [0x00007f8e60c68000,0x00007f8e60c6c000] with protection modes 0
Event: 0.133 Protecting memory [0x00007f8e60b67000,0x00007f8e60b6b000] with protection modes 0
Event: 0.239 Protecting memory [0x00007f8e0e2a6000,0x00007f8e0e2aa000] with protection modes 0
Event: 0.239 Protecting memory [0x00007f8e0e1a5000,0x00007f8e0e1a9000] with protection modes 0
Event: 0.241 Protecting memory [0x00007f8e0e0a4000,0x00007f8e0e0a8000] with protection modes 0
Event: 0.241 Protecting memory [0x00007f8e0dfa3000,0x00007f8e0dfa7000] with protection modes 0
Event: 0.241 Protecting memory [0x00007f8e8f316000,0x00007f8e8f31a000] with protection modes 0
Event: 1.726 Protecting memory [0x00007f8db078b000,0x00007f8db078f000] with protection modes 0
Event: 1.776 Protecting memory [0x00007f8db068a000,0x00007f8db068e000] with protection modes 0
Event: 19.051 Protecting memory [0x00007f8db068a000,0x00007f8db068e000] with protection modes 0
Event: 19.051 Protecting memory [0x00007f8db078b000,0x00007f8db078f000] with protection modes 0

Nmethod flushes (0 events):
No events

Events (20 events):
Event: 0.022 Thread 0x00007f8e88019f70 Thread added: 0x00007f8e880eb840
Event: 0.035 Thread 0x00007f8e88019f70 Thread added: 0x00007f8e88124f80
Event: 0.051 Thread 0x00007f8e88019f70 Thread added: 0x00007f8e8817b7c0
Event: 0.130 Thread 0x00007f8e88019f70 Thread added: 0x00007f8e8823ddb0
Event: 0.133 Thread 0x00007f8e88019f70 Thread added: 0x00007f8e8823ff30
Event: 0.239 Thread 0x00007f8e88019f70 Thread added: 0x00007f8e882984b0
Event: 0.239 Thread 0x00007f8e88019f70 Thread added: 0x00007f8e88299680
Event: 0.241 Thread 0x00007f8e88019f70 Thread added: 0x00007f8e8829b880
Event: 0.241 Thread 0x00007f8e88019f70 Thread added: 0x00007f8e8829c8f0
Event: 0.241 Thread 0x00007f8e88019f70 Thread exited: 0x00007f8e88019f70
Event: 0.241 Thread 0x00007f8e88019f70 Thread added: 0x00007f8e88019f70
Event: 1.726 Thread 0x00007f8e880eb840 Thread added: 0x00007f8de8130bf0
Event: 1.776 Thread 0x00007f8e8829c8f0 Thread added: 0x00007f8dc04e5d60
Event: 2.769 Thread 0x00007f8de8130bf0 Thread exited: 0x00007f8de8130bf0
Event: 7.313 Thread 0x00007f8dc04e5d60 Thread exited: 0x00007f8dc04e5d60
Event: 19.051 Thread 0x00007f8e880e5a20 Thread added: 0x00007f8df80091b0
Event: 19.051 Thread 0x00007f8df80091b0 Thread added: 0x00007f8d940090f0
Event: 19.052 Thread 0x00007f8d940090f0 Thread exited: 0x00007f8d940090f0
Event: 19.052 Thread 0x00007f8df80091b0 Before exit entered
Event: 19.053 Thread 0x00007f8e880e5a20 Thread exited: 0x00007f8e880e5a20


Dynamic libraries:
84400000-84c00000 rw-p 00000000 00:00 0 
84c00000-ffe00000 ---p 00000000 00:00 0 
ffe00000-fff08000 rw-p 00ced000 08:20 64025                              /usr/lib/jvm/java-21-openjdk-amd64/lib/server/classes.jsa
fff08000-100000000 rw-p 00000000 00:00 0 
563b28a66000-563b28a67000 r--p 00000000 08:20 10714                      /usr/lib/jvm/java-21-openjdk-amd64/bin/jconsole
563b28a67000-563b28a68000 r-xp 00001000 08:20 10714                      /usr/lib/jvm/java-21-openjdk-amd64/bin/jconsole
563b28a68000-563b28a69000 r--p 00002000 08:20 10714                      /usr/lib/jvm/java-21-openjdk-amd64/bin/jconsole
563b28a69000-563b28a6a000 r--p 00002000 08:20 10714                      /usr/lib/jvm/java-21-openjdk-amd64/bin/jconsole
563b28a6a000-563b28a6b000 rw-p 00003000 08:20 10714                      /usr/lib/jvm/java-21-openjdk-amd64/bin/jconsole
563b29942000-563b29989000 rw-p 00000000 00:00 0                          [heap]
7f8d94000000-7f8d94021000 rw-p 00000000 00:00 0 
7f8d94021000-7f8d98000000 ---p 00000000 00:00 0 
7f8d98000000-7f8d98021000 rw-p 00000000 00:00 0 
7f8d98021000-7f8d9c000000 ---p 00000000 00:00 0 
7f8d9c000000-7f8d9c021000 rw-p 00000000 00:00 0 
7f8d9c021000-7f8da0000000 ---p 00000000 00:00 0 
7f8da0000000-7f8da047b000 rw-p 00000000 00:00 0 
7f8da047b000-7f8da4000000 ---p 00000000 00:00 0 
7f8da4000000-7f8da4021000 rw-p 00000000 00:00 0 
7f8da4021000-7f8da8000000 ---p 00000000 00:00 0 
7f8da8000000-7f8da8021000 rw-p 00000000 00:00 0 
7f8da8021000-7f8dac000000 ---p 00000000 00:00 0 
7f8dac000000-7f8dac02a000 rw-p 00000000 00:00 0 
7f8dac02a000-7f8db0000000 ---p 00000000 00:00 0 
7f8db0565000-7f8db0566000 ---p 00000000 00:00 0 
7f8db0566000-7f8db0666000 rw-p 00000000 00:00 0 
7f8db0671000-7f8db067a000 rw-s 00000000 00:01 31                         /SYSV00000000 (deleted)
7f8db067e000-7f8db0680000 r--p 00000000 08:20 64023                      /usr/lib/jvm/java-21-openjdk-amd64/lib/libzip.so
7f8db0680000-7f8db0685000 r-xp 00002000 08:20 64023                      /usr/lib/jvm/java-21-openjdk-amd64/lib/libzip.so
7f8db0685000-7f8db0687000 r--p 00007000 08:20 64023                      /usr/lib/jvm/java-21-openjdk-amd64/lib/libzip.so
7f8db0687000-7f8db0688000 r--p 00008000 08:20 64023                      /usr/lib/jvm/java-21-openjdk-amd64/lib/libzip.so
7f8db0688000-7f8db0689000 rw-p 00009000 08:20 64023                      /usr/lib/jvm/java-21-openjdk-amd64/lib/libzip.so
7f8db0689000-7f8db068a000 ---p 00000000 00:00 0 
7f8db068a000-7f8db068e000 ---p 00000000 00:00 0 
7f8db068e000-7f8db078a000 rw-p 00000000 00:00 0 
7f8db078a000-7f8db078b000 ---p 00000000 00:00 0 
7f8db078b000-7f8db078f000 ---p 00000000 00:00 0 
7f8db078f000-7f8db088b000 rw-p 00000000 00:00 0 
7f8db088b000-7f8db088c000 ---p 00000000 00:00 0 
7f8db088c000-7f8db098c000 rw-p 00000000 00:00 0 
7f8db098c000-7f8db098d000 ---p 00000000 00:00 0 
7f8db098d000-7f8db0a8d000 rw-p 00000000 00:00 0 
7f8db0a8d000-7f8db0a8e000 ---p 00000000 00:00 0 
7f8db0a8e000-7f8db0b8e000 rw-p 00000000 00:00 0 
7f8db1ad8000-7f8db1ad9000 ---p 00000000 00:00 0 
7f8db1ad9000-7f8db22d9000 rw-p 00000000 00:00 0 
7f8db22d9000-7f8db22da000 ---p 00000000 00:00 0 
7f8db22da000-7f8db2ada000 rw-p 00000000 00:00 0 
7f8db2ada000-7f8db2adb000 ---p 00000000 00:00 0 
7f8db2adb000-7f8db32db000 rw-p 00000000 00:00 0 
7f8db32db000-7f8db32dc000 ---p 00000000 00:00 0 
7f8db32dc000-7f8db3adc000 rw-p 00000000 00:00 0 
7f8db3bdc000-7f8db5406000 r--p 00000000 00:1c 3096224744020031           /usr/lib/wsl/drivers/nv_dispi.inf_amd64_ea7f458f0e49497d/libnvwgf2umx.so
7f8db5406000-7f8db76e3000 r-xp 0182a000 00:1c 3096224744020031           /usr/lib/wsl/drivers/nv_dispi.inf_amd64_ea7f458f0e49497d/libnvwgf2umx.so
7f8db76e3000-7f8db786e000 r--p 03b07000 00:1c 3096224744020031           /usr/lib/wsl/drivers/nv_dispi.inf_amd64_ea7f458f0e49497d/libnvwgf2umx.so
7f8db786e000-7f8db8936000 rw-p 03c92000 00:1c 3096224744020031           /usr/lib/wsl/drivers/nv_dispi.inf_amd64_ea7f458f0e49497d/libnvwgf2umx.so
7f8db8936000-7f8db8989000 rw-p 00000000 00:00 0 
7f8db8989000-7f8dbfaf1000 r-xp 00000000 08:20 12490                      /usr/lib/x86_64-linux-gnu/libLLVM-17.so.1
7f8dbfaf1000-7f8dbff31000 r--p 07167000 08:20 12490                      /usr/lib/x86_64-linux-gnu/libLLVM-17.so.1
7f8dbff31000-7f8dbff7b000 rw-p 075a7000 08:20 12490                      /usr/lib/x86_64-linux-gnu/libLLVM-17.so.1
7f8dbff7b000-7f8dc068c000 rw-p 00000000 00:00 0 
7f8dc068c000-7f8dc4000000 ---p 00000000 00:00 0 
7f8dc40af000-7f8dc40b0000 r--p 00000000 08:20 20895                      /usr/lib/x86_64-linux-gnu/libicudata.so.74.2
7f8dc40b0000-7f8dc40b1000 r-xp 00001000 08:20 20895                      /usr/lib/x86_64-linux-gnu/libicudata.so.74.2
7f8dc40b1000-7f8dc5e0d000 r--p 00002000 08:20 20895                      /usr/lib/x86_64-linux-gnu/libicudata.so.74.2
7f8dc5e0d000-7f8dc5e0e000 r--p 01d5d000 08:20 20895                      /usr/lib/x86_64-linux-gnu/libicudata.so.74.2
7f8dc5e0e000-7f8dc5e0f000 rw-p 01d5e000 08:20 20895                      /usr/lib/x86_64-linux-gnu/libicudata.so.74.2
7f8dc5e0f000-7f8dc5ea6000 r--p 00000000 08:20 4928                       /usr/lib/x86_64-linux-gnu/dri/swrast_dri.so
7f8dc5ea6000-7f8dc72bc000 r-xp 00097000 08:20 4928                       /usr/lib/x86_64-linux-gnu/dri/swrast_dri.so
7f8dc72bc000-7f8dc7d67000 r--p 014ad000 08:20 4928                       /usr/lib/x86_64-linux-gnu/dri/swrast_dri.so
7f8dc7d67000-7f8dc7dff000 r--p 01f57000 08:20 4928                       /usr/lib/x86_64-linux-gnu/dri/swrast_dri.so
7f8dc7dff000-7f8dc7e3b000 rw-p 01fef000 08:20 4928                       /usr/lib/x86_64-linux-gnu/dri/swrast_dri.so
7f8dc7e3b000-7f8dc8021000 rw-p 00000000 00:00 0 
7f8dc8021000-7f8dcc000000 ---p 00000000 00:00 0 
7f8dcc000000-7f8dcc021000 rw-p 00000000 00:00 0 
7f8dcc021000-7f8dd0000000 ---p 00000000 00:00 0 
7f8dd0000000-7f8dd0021000 rw-p 00000000 00:00 0 
7f8dd0021000-7f8dd4000000 ---p 00000000 00:00 0 
7f8dd4000000-7f8dd4021000 rw-p 00000000 00:00 0 
7f8dd4021000-7f8dd8000000 ---p 00000000 00:00 0 
7f8dd8000000-7f8dd8021000 rw-p 00000000 00:00 0 
7f8dd8021000-7f8ddc000000 ---p 00000000 00:00 0 
7f8ddc000000-7f8ddc021000 rw-p 00000000 00:00 0 
7f8ddc021000-7f8de0000000 ---p 00000000 00:00 0 
7f8de0000000-7f8de0021000 rw-p 00000000 00:00 0 
7f8de0021000-7f8de4000000 ---p 00000000 00:00 0 
7f8de4000000-7f8de4021000 rw-p 00000000 00:00 0 
7f8de4021000-7f8de8000000 ---p 00000000 00:00 0 
7f8de8000000-7f8de842b000 rw-p 00000000 00:00 0 
7f8de842b000-7f8dec000000 ---p 00000000 00:00 0 
7f8dec000000-7f8dec021000 rw-p 00000000 00:00 0 
7f8dec021000-7f8df0000000 ---p 00000000 00:00 0 
7f8df0000000-7f8df0021000 rw-p 00000000 00:00 0 
7f8df0021000-7f8df4000000 ---p 00000000 00:00 0 
7f8df4000000-7f8df47b8000 rw-p 00000000 00:00 0 
7f8df47b8000-7f8df8000000 ---p 00000000 00:00 0 
7f8df8000000-7f8df8021000 rw-p 00000000 00:00 0 
7f8df8021000-7f8dfc000000 ---p 00000000 00:00 0 
7f8dfc000000-7f8dfc021000 rw-p 00000000 00:00 0 
7f8dfc021000-7f8e00000000 ---p 00000000 00:00 0 
7f8e00000000-7f8e00021000 rw-p 00000000 00:00 0 
7f8e00021000-7f8e04000000 ---p 00000000 00:00 0 
7f8e04000000-7f8e04021000 rw-p 00000000 00:00 0 
7f8e04021000-7f8e08000000 ---p 00000000 00:00 0 
7f8e08000000-7f8e08021000 rw-p 00000000 00:00 0 
7f8e08021000-7f8e0c000000 ---p 00000000 00:00 0 
7f8e0c59a000-7f8e0c59b000 ---p 00000000 00:00 0 
7f8e0c59b000-7f8e0cd9b000 rw-p 00000000 00:00 0 
7f8e0cfd5000-7f8e0cfd6000 r--p 00000000 08:20 130056                     /usr/lib/x86_64-linux-gnu/librt.so.1
7f8e0cfd6000-7f8e0cfd7000 r-xp 00001000 08:20 130056                     /usr/lib/x86_64-linux-gnu/librt.so.1
7f8e0cfd7000-7f8e0cfd8000 r--p 00002000 08:20 130056                     /usr/lib/x86_64-linux-gnu/librt.so.1
7f8e0cfd8000-7f8e0cfd9000 r--p 00002000 08:20 130056                     /usr/lib/x86_64-linux-gnu/librt.so.1
7f8e0cfd9000-7f8e0cfda000 rw-p 00003000 08:20 130056                     /usr/lib/x86_64-linux-gnu/librt.so.1
7f8e0d687000-7f8e0d6ca000 r--p 00000000 00:1e 2533274790574271           /usr/lib/wsl/lib/libdxcore.so
7f8e0d6ca000-7f8e0d74b000 r-xp 00042000 00:1e 2533274790574271           /usr/lib/wsl/lib/libdxcore.so
7f8e0d74b000-7f8e0d753000 r--p 000c2000 00:1e 2533274790574271           /usr/lib/wsl/lib/libdxcore.so
7f8e0d753000-7f8e0d755000 rw-p 000c9000 00:1e 2533274790574271           /usr/lib/wsl/lib/libdxcore.so
7f8e0d755000-7f8e0d758000 rw-p 00000000 00:00 0 
7f8e0d758000-7f8e0d759000 r--p 00000000 08:20 129661                     /usr/lib/x86_64-linux-gnu/libdl.so.2
7f8e0d759000-7f8e0d75a000 r-xp 00001000 08:20 129661                     /usr/lib/x86_64-linux-gnu/libdl.so.2
7f8e0d75a000-7f8e0d75b000 r--p 00002000 08:20 129661                     /usr/lib/x86_64-linux-gnu/libdl.so.2
7f8e0d75b000-7f8e0d75c000 r--p 00002000 08:20 129661                     /usr/lib/x86_64-linux-gnu/libdl.so.2
7f8e0d75c000-7f8e0d75d000 rw-p 00003000 08:20 129661                     /usr/lib/x86_64-linux-gnu/libdl.so.2
7f8e0d75d000-7f8e0d75e000 r--p 00000000 08:20 130054                     /usr/lib/x86_64-linux-gnu/libpthread.so.0
7f8e0d75e000-7f8e0d75f000 r-xp 00001000 08:20 130054                     /usr/lib/x86_64-linux-gnu/libpthread.so.0
7f8e0d75f000-7f8e0d760000 r--p 00002000 08:20 130054                     /usr/lib/x86_64-linux-gnu/libpthread.so.0
7f8e0d760000-7f8e0d761000 r--p 00002000 08:20 130054                     /usr/lib/x86_64-linux-gnu/libpthread.so.0
7f8e0d761000-7f8e0d762000 rw-p 00003000 08:20 130054                     /usr/lib/x86_64-linux-gnu/libpthread.so.0
7f8e0d762000-7f8e0d7a7000 r--p 00000000 00:1e 2533274790574268           /usr/lib/wsl/lib/libd3d12.so
7f8e0d7a7000-7f8e0d820000 r-xp 00044000 00:1e 2533274790574268           /usr/lib/wsl/lib/libd3d12.so
7f8e0d820000-7f8e0d827000 r--p 000bc000 00:1e 2533274790574268           /usr/lib/wsl/lib/libd3d12.so
7f8e0d827000-7f8e0d829000 rw-p 000c2000 00:1e 2533274790574268           /usr/lib/wsl/lib/libd3d12.so
7f8e0d829000-7f8e0d82d000 rw-p 00000000 00:00 0 
7f8e0d82d000-7f8e0d895000 r--p 00000000 08:20 20917                      /usr/lib/x86_64-linux-gnu/libicuuc.so.74.2
7f8e0d895000-7f8e0d99a000 r-xp 00068000 08:20 20917                      /usr/lib/x86_64-linux-gnu/libicuuc.so.74.2
7f8e0d99a000-7f8e0da24000 r--p 0016d000 08:20 20917                      /usr/lib/x86_64-linux-gnu/libicuuc.so.74.2
7f8e0da24000-7f8e0da37000 r--p 001f7000 08:20 20917                      /usr/lib/x86_64-linux-gnu/libicuuc.so.74.2
7f8e0da37000-7f8e0da38000 rw-p 0020a000 08:20 20917                      /usr/lib/x86_64-linux-gnu/libicuuc.so.74.2
7f8e0da38000-7f8e0da3a000 rw-p 00000000 00:00 0 
7f8e0da3a000-7f8e0da3c000 r--p 00000000 08:20 12830                      /usr/lib/x86_64-linux-gnu/libpciaccess.so.0.11.1
7f8e0da3c000-7f8e0da41000 r-xp 00002000 08:20 12830                      /usr/lib/x86_64-linux-gnu/libpciaccess.so.0.11.1
7f8e0da41000-7f8e0da43000 r--p 00007000 08:20 12830                      /usr/lib/x86_64-linux-gnu/libpciaccess.so.0.11.1
7f8e0da43000-7f8e0da44000 r--p 00008000 08:20 12830                      /usr/lib/x86_64-linux-gnu/libpciaccess.so.0.11.1
7f8e0da44000-7f8e0da45000 rw-p 00009000 08:20 12830                      /usr/lib/x86_64-linux-gnu/libpciaccess.so.0.11.1
7f8e0da45000-7f8e0da74000 r--p 00000000 08:20 12970                      /usr/lib/x86_64-linux-gnu/libxml2.so.2.9.14
7f8e0da74000-7f8e0dbda000 r-xp 0002f000 08:20 12970                      /usr/lib/x86_64-linux-gnu/libxml2.so.2.9.14
7f8e0dbda000-7f8e0dc1c000 r--p 00195000 08:20 12970                      /usr/lib/x86_64-linux-gnu/libxml2.so.2.9.14
7f8e0dc1c000-7f8e0dc25000 r--p 001d6000 08:20 12970                      /usr/lib/x86_64-linux-gnu/libxml2.so.2.9.14
7f8e0dc25000-7f8e0dc26000 rw-p 001df000 08:20 12970                      /usr/lib/x86_64-linux-gnu/libxml2.so.2.9.14
7f8e0dc26000-7f8e0dc27000 rw-p 00000000 00:00 0 
7f8e0dc27000-7f8e0dc35000 r--p 00000000 08:20 12908                      /usr/lib/x86_64-linux-gnu/libtinfo.so.6.4
7f8e0dc35000-7f8e0dc48000 r-xp 0000e000 08:20 12908                      /usr/lib/x86_64-linux-gnu/libtinfo.so.6.4
7f8e0dc48000-7f8e0dc56000 r--p 00021000 08:20 12908                      /usr/lib/x86_64-linux-gnu/libtinfo.so.6.4
7f8e0dc56000-7f8e0dc5a000 r--p 0002e000 08:20 12908                      /usr/lib/x86_64-linux-gnu/libtinfo.so.6.4
7f8e0dc5a000-7f8e0dc5b000 rw-p 00032000 08:20 12908                      /usr/lib/x86_64-linux-gnu/libtinfo.so.6.4
7f8e0dc5b000-7f8e0dc63000 r--p 00000000 08:20 12639                      /usr/lib/x86_64-linux-gnu/libedit.so.2.0.72
7f8e0dc63000-7f8e0dc82000 r-xp 00008000 08:20 12639                      /usr/lib/x86_64-linux-gnu/libedit.so.2.0.72
7f8e0dc82000-7f8e0dc8e000 r--p 00027000 08:20 12639                      /usr/lib/x86_64-linux-gnu/libedit.so.2.0.72
7f8e0dc8e000-7f8e0dc90000 r--p 00033000 08:20 12639                      /usr/lib/x86_64-linux-gnu/libedit.so.2.0.72
7f8e0dc90000-7f8e0dc91000 rw-p 00035000 08:20 12639                      /usr/lib/x86_64-linux-gnu/libedit.so.2.0.72
7f8e0dc91000-7f8e0dc95000 rw-p 00000000 00:00 0 
7f8e0dc95000-7f8e0dc98000 r--p 00000000 08:20 12623                      /usr/lib/x86_64-linux-gnu/libdrm_intel.so.1.0.0
7f8e0dc98000-7f8e0dcae000 r-xp 00003000 08:20 12623                      /usr/lib/x86_64-linux-gnu/libdrm_intel.so.1.0.0
7f8e0dcae000-7f8e0dcb7000 r--p 00019000 08:20 12623                      /usr/lib/x86_64-linux-gnu/libdrm_intel.so.1.0.0
7f8e0dcb7000-7f8e0dcb8000 r--p 00021000 08:20 12623                      /usr/lib/x86_64-linux-gnu/libdrm_intel.so.1.0.0
7f8e0dcb8000-7f8e0dcb9000 rw-p 00022000 08:20 12623                      /usr/lib/x86_64-linux-gnu/libdrm_intel.so.1.0.0
7f8e0dcb9000-7f8e0dcbb000 r--p 00000000 08:20 12625                      /usr/lib/x86_64-linux-gnu/libdrm_nouveau.so.2.0.0
7f8e0dcbb000-7f8e0dcc0000 r-xp 00002000 08:20 12625                      /usr/lib/x86_64-linux-gnu/libdrm_nouveau.so.2.0.0
7f8e0dcc0000-7f8e0dcc1000 r--p 00007000 08:20 12625                      /usr/lib/x86_64-linux-gnu/libdrm_nouveau.so.2.0.0
7f8e0dcc1000-7f8e0dcc2000 r--p 00008000 08:20 12625                      /usr/lib/x86_64-linux-gnu/libdrm_nouveau.so.2.0.0
7f8e0dcc2000-7f8e0dcc3000 rw-p 00009000 08:20 12625                      /usr/lib/x86_64-linux-gnu/libdrm_nouveau.so.2.0.0
7f8e0dcc3000-7f8e0dcc6000 r--p 00000000 08:20 12621                      /usr/lib/x86_64-linux-gnu/libdrm_amdgpu.so.1.0.0
7f8e0dcc6000-7f8e0dccc000 r-xp 00003000 08:20 12621                      /usr/lib/x86_64-linux-gnu/libdrm_amdgpu.so.1.0.0
7f8e0dccc000-7f8e0dcce000 r--p 00009000 08:20 12621                      /usr/lib/x86_64-linux-gnu/libdrm_amdgpu.so.1.0.0
7f8e0dcce000-7f8e0dccf000 r--p 0000a000 08:20 12621                      /usr/lib/x86_64-linux-gnu/libdrm_amdgpu.so.1.0.0
7f8e0dccf000-7f8e0dcd0000 rw-p 0000b000 08:20 12621                      /usr/lib/x86_64-linux-gnu/libdrm_amdgpu.so.1.0.0
7f8e0dcd0000-7f8e0dcd3000 r--p 00000000 08:20 12640                      /usr/lib/x86_64-linux-gnu/libelf-0.190.so
7f8e0dcd3000-7f8e0dce8000 r-xp 00003000 08:20 12640                      /usr/lib/x86_64-linux-gnu/libelf-0.190.so
7f8e0dce8000-7f8e0dcec000 r--p 00018000 08:20 12640                      /usr/lib/x86_64-linux-gnu/libelf-0.190.so
7f8e0dcec000-7f8e0dced000 r--p 0001b000 08:20 12640                      /usr/lib/x86_64-linux-gnu/libelf-0.190.so
7f8e0dced000-7f8e0dcee000 rw-p 0001c000 08:20 12640                      /usr/lib/x86_64-linux-gnu/libelf-0.190.so
7f8e0dcee000-7f8e0dcf0000 r--p 00000000 08:20 12627                      /usr/lib/x86_64-linux-gnu/libdrm_radeon.so.1.0.1
7f8e0dcf0000-7f8e0dcf6000 r-xp 00002000 08:20 12627                      /usr/lib/x86_64-linux-gnu/libdrm_radeon.so.1.0.1
7f8e0dcf6000-7f8e0dcfa000 r--p 00008000 08:20 12627                      /usr/lib/x86_64-linux-gnu/libdrm_radeon.so.1.0.1
7f8e0dcfa000-7f8e0dcfb000 r--p 0000b000 08:20 12627                      /usr/lib/x86_64-linux-gnu/libdrm_radeon.so.1.0.1
7f8e0dcfb000-7f8e0dcfc000 rw-p 0000c000 08:20 12627                      /usr/lib/x86_64-linux-gnu/libdrm_radeon.so.1.0.1
7f8e0dcfc000-7f8e0dcfe000 r--p 00000000 08:20 12871                      /usr/lib/x86_64-linux-gnu/libsensors.so.5.0.0
7f8e0dcfe000-7f8e0dd05000 r-xp 00002000 08:20 12871                      /usr/lib/x86_64-linux-gnu/libsensors.so.5.0.0
7f8e0dd05000-7f8e0dd09000 r--p 00009000 08:20 12871                      /usr/lib/x86_64-linux-gnu/libsensors.so.5.0.0
7f8e0dd09000-7f8e0dd0a000 r--p 0000d000 08:20 12871                      /usr/lib/x86_64-linux-gnu/libsensors.so.5.0.0
7f8e0dd0a000-7f8e0dd0b000 rw-p 0000e000 08:20 12871                      /usr/lib/x86_64-linux-gnu/libsensors.so.5.0.0
7f8e0dd0b000-7f8e0dd0e000 r--p 00000000 08:20 12964                      /usr/lib/x86_64-linux-gnu/libxcb-xfixes.so.0.0.0
7f8e0dd0e000-7f8e0dd11000 r-xp 00003000 08:20 12964                      /usr/lib/x86_64-linux-gnu/libxcb-xfixes.so.0.0.0
7f8e0dd11000-7f8e0dd13000 r--p 00006000 08:20 12964                      /usr/lib/x86_64-linux-gnu/libxcb-xfixes.so.0.0.0
7f8e0dd13000-7f8e0dd14000 r--p 00007000 08:20 12964                      /usr/lib/x86_64-linux-gnu/libxcb-xfixes.so.0.0.0
7f8e0dd14000-7f8e0dd15000 rw-p 00008000 08:20 12964                      /usr/lib/x86_64-linux-gnu/libxcb-xfixes.so.0.0.0
7f8e0dd15000-7f8e0dd18000 r--p 00000000 08:20 12962                      /usr/lib/x86_64-linux-gnu/libxcb-sync.so.1.0.0
7f8e0dd18000-7f8e0dd1b000 r-xp 00003000 08:20 12962                      /usr/lib/x86_64-linux-gnu/libxcb-sync.so.1.0.0
7f8e0dd1b000-7f8e0dd1c000 r--p 00006000 08:20 12962                      /usr/lib/x86_64-linux-gnu/libxcb-sync.so.1.0.0
7f8e0dd1c000-7f8e0dd1d000 r--p 00007000 08:20 12962                      /usr/lib/x86_64-linux-gnu/libxcb-sync.so.1.0.0
7f8e0dd1d000-7f8e0dd1e000 rw-p 00008000 08:20 12962                      /usr/lib/x86_64-linux-gnu/libxcb-sync.so.1.0.0
7f8e0dd1e000-7f8e0dd1f000 r--p 00000000 08:20 12954                      /usr/lib/x86_64-linux-gnu/libxcb-present.so.0.0.0
7f8e0dd1f000-7f8e0dd20000 r-xp 00001000 08:20 12954                      /usr/lib/x86_64-linux-gnu/libxcb-present.so.0.0.0
7f8e0dd20000-7f8e0dd21000 r--p 00002000 08:20 12954                      /usr/lib/x86_64-linux-gnu/libxcb-present.so.0.0.0
7f8e0dd21000-7f8e0dd22000 r--p 00002000 08:20 12954                      /usr/lib/x86_64-linux-gnu/libxcb-present.so.0.0.0
7f8e0dd22000-7f8e0dd23000 rw-p 00003000 08:20 12954                      /usr/lib/x86_64-linux-gnu/libxcb-present.so.0.0.0
7f8e0dd23000-7f8e0dd25000 r--p 00000000 08:20 12950                      /usr/lib/x86_64-linux-gnu/libxcb-dri3.so.0.1.0
7f8e0dd25000-7f8e0dd27000 r-xp 00002000 08:20 12950                      /usr/lib/x86_64-linux-gnu/libxcb-dri3.so.0.1.0
7f8e0dd27000-7f8e0dd28000 r--p 00004000 08:20 12950                      /usr/lib/x86_64-linux-gnu/libxcb-dri3.so.0.1.0
7f8e0dd28000-7f8e0dd29000 r--p 00004000 08:20 12950                      /usr/lib/x86_64-linux-gnu/libxcb-dri3.so.0.1.0
7f8e0dd29000-7f8e0dd2a000 rw-p 00005000 08:20 12950                      /usr/lib/x86_64-linux-gnu/libxcb-dri3.so.0.1.0
7f8e0dd2a000-7f8e0dd31000 r--p 00000000 08:20 12956                      /usr/lib/x86_64-linux-gnu/libxcb-randr.so.0.1.0
7f8e0dd31000-7f8e0dd36000 r-xp 00007000 08:20 12956                      /usr/lib/x86_64-linux-gnu/libxcb-randr.so.0.1.0
7f8e0dd36000-7f8e0dd39000 r--p 0000c000 08:20 12956                      /usr/lib/x86_64-linux-gnu/libxcb-randr.so.0.1.0
7f8e0dd39000-7f8e0dd3a000 r--p 0000f000 08:20 12956                      /usr/lib/x86_64-linux-gnu/libxcb-randr.so.0.1.0
7f8e0dd3a000-7f8e0dd3b000 rw-p 00010000 08:20 12956                      /usr/lib/x86_64-linux-gnu/libxcb-randr.so.0.1.0
7f8e0dd3b000-7f8e0dd3c000 r--p 00000000 08:20 12974                      /usr/lib/x86_64-linux-gnu/libxshmfence.so.1.0.0
7f8e0dd3c000-7f8e0dd3d000 r-xp 00001000 08:20 12974                      /usr/lib/x86_64-linux-gnu/libxshmfence.so.1.0.0
7f8e0dd3d000-7f8e0dd3e000 r--p 00002000 08:20 12974                      /usr/lib/x86_64-linux-gnu/libxshmfence.so.1.0.0
7f8e0dd3e000-7f8e0dd3f000 r--p 00002000 08:20 12974                      /usr/lib/x86_64-linux-gnu/libxshmfence.so.1.0.0
7f8e0dd3f000-7f8e0dd40000 rw-p 00003000 08:20 12974                      /usr/lib/x86_64-linux-gnu/libxshmfence.so.1.0.0
7f8e0dd40000-7f8e0dd41000 r--p 00000000 08:20 12526                      /usr/lib/x86_64-linux-gnu/libXxf86vm.so.1.0.0
7f8e0dd41000-7f8e0dd44000 r-xp 00001000 08:20 12526                      /usr/lib/x86_64-linux-gnu/libXxf86vm.so.1.0.0
7f8e0dd44000-7f8e0dd45000 r--p 00004000 08:20 12526                      /usr/lib/x86_64-linux-gnu/libXxf86vm.so.1.0.0
7f8e0dd45000-7f8e0dd46000 r--p 00004000 08:20 12526                      /usr/lib/x86_64-linux-gnu/libXxf86vm.so.1.0.0
7f8e0dd46000-7f8e0dd47000 rw-p 00005000 08:20 12526                      /usr/lib/x86_64-linux-gnu/libXxf86vm.so.1.0.0
7f8e0dd47000-7f8e0dd49000 r--p 00000000 08:20 12948                      /usr/lib/x86_64-linux-gnu/libxcb-dri2.so.0.0.0
7f8e0dd49000-7f8e0dd4b000 r-xp 00002000 08:20 12948                      /usr/lib/x86_64-linux-gnu/libxcb-dri2.so.0.0.0
7f8e0dd4b000-7f8e0dd4c000 r--p 00004000 08:20 12948                      /usr/lib/x86_64-linux-gnu/libxcb-dri2.so.0.0.0
7f8e0dd4c000-7f8e0dd4d000 r--p 00004000 08:20 12948                      /usr/lib/x86_64-linux-gnu/libxcb-dri2.so.0.0.0
7f8e0dd4d000-7f8e0dd4e000 rw-p 00005000 08:20 12948                      /usr/lib/x86_64-linux-gnu/libxcb-dri2.so.0.0.0
7f8e0dd4e000-7f8e0dd4f000 r--p 00000000 08:20 12496                      /usr/lib/x86_64-linux-gnu/libX11-xcb.so.1.0.0
7f8e0dd4f000-7f8e0dd50000 r-xp 00001000 08:20 12496                      /usr/lib/x86_64-linux-gnu/libX11-xcb.so.1.0.0
7f8e0dd50000-7f8e0dd51000 r--p 00002000 08:20 12496                      /usr/lib/x86_64-linux-gnu/libX11-xcb.so.1.0.0
7f8e0dd51000-7f8e0dd52000 r--p 00002000 08:20 12496                      /usr/lib/x86_64-linux-gnu/libX11-xcb.so.1.0.0
7f8e0dd52000-7f8e0dd53000 rw-p 00003000 08:20 12496                      /usr/lib/x86_64-linux-gnu/libX11-xcb.so.1.0.0
7f8e0dd53000-7f8e0dd5e000 r--p 00000000 08:20 12952                      /usr/lib/x86_64-linux-gnu/libxcb-glx.so.0.0.0
7f8e0dd5e000-7f8e0dd67000 r-xp 0000b000 08:20 12952                      /usr/lib/x86_64-linux-gnu/libxcb-glx.so.0.0.0
7f8e0dd67000-7f8e0dd6c000 r--p 00014000 08:20 12952                      /usr/lib/x86_64-linux-gnu/libxcb-glx.so.0.0.0
7f8e0dd6c000-7f8e0dd6e000 r--p 00019000 08:20 12952                      /usr/lib/x86_64-linux-gnu/libxcb-glx.so.0.0.0
7f8e0dd6e000-7f8e0dd6f000 rw-p 0001b000 08:20 12952                      /usr/lib/x86_64-linux-gnu/libxcb-glx.so.0.0.0
7f8e0dd6f000-7f8e0dd74000 r--p 00000000 08:20 12619                      /usr/lib/x86_64-linux-gnu/libdrm.so.2.4.0
7f8e0dd74000-7f8e0dd80000 r-xp 00005000 08:20 12619                      /usr/lib/x86_64-linux-gnu/libdrm.so.2.4.0
7f8e0dd80000-7f8e0dd84000 r--p 00011000 08:20 12619                      /usr/lib/x86_64-linux-gnu/libdrm.so.2.4.0
7f8e0dd84000-7f8e0dd85000 r--p 00014000 08:20 12619                      /usr/lib/x86_64-linux-gnu/libdrm.so.2.4.0
7f8e0dd85000-7f8e0dd86000 rw-p 00015000 08:20 12619                      /usr/lib/x86_64-linux-gnu/libdrm.so.2.4.0
7f8e0dd86000-7f8e0dd93000 r--p 00000000 08:20 4962                       /usr/lib/x86_64-linux-gnu/libglapi.so.0.0.0
7f8e0dd93000-7f8e0dda1000 r-xp 0000d000 08:20 4962                       /usr/lib/x86_64-linux-gnu/libglapi.so.0.0.0
7f8e0dda1000-7f8e0ddb5000 r--p 0001b000 08:20 4962                       /usr/lib/x86_64-linux-gnu/libglapi.so.0.0.0
7f8e0ddb5000-7f8e0ddb9000 r--p 0002f000 08:20 4962                       /usr/lib/x86_64-linux-gnu/libglapi.so.0.0.0
7f8e0ddb9000-7f8e0ddba000 rw-p 00033000 08:20 4962                       /usr/lib/x86_64-linux-gnu/libglapi.so.0.0.0
7f8e0ddba000-7f8e0ddd3000 r--p 00000000 08:20 4945                       /usr/lib/x86_64-linux-gnu/libGLX_mesa.so.0.0.0
7f8e0ddd3000-7f8e0de13000 r-xp 00019000 08:20 4945                       /usr/lib/x86_64-linux-gnu/libGLX_mesa.so.0.0.0
7f8e0de13000-7f8e0de26000 r--p 00059000 08:20 4945                       /usr/lib/x86_64-linux-gnu/libGLX_mesa.so.0.0.0
7f8e0de26000-7f8e0de29000 r--p 0006b000 08:20 4945                       /usr/lib/x86_64-linux-gnu/libGLX_mesa.so.0.0.0
7f8e0de29000-7f8e0de2a000 rw-p 0006e000 08:20 4945                       /usr/lib/x86_64-linux-gnu/libGLX_mesa.so.0.0.0
7f8e0de2a000-7f8e0de2b000 rw-p 00000000 00:00 0 
7f8e0de2b000-7f8e0de2e000 r--p 00000000 08:20 12483                      /usr/lib/x86_64-linux-gnu/libGLX.so.0.0.0
7f8e0de2e000-7f8e0de49000 r-xp 00003000 08:20 12483                      /usr/lib/x86_64-linux-gnu/libGLX.so.0.0.0
7f8e0de49000-7f8e0de4c000 r--p 0001e000 08:20 12483                      /usr/lib/x86_64-linux-gnu/libGLX.so.0.0.0
7f8e0de4c000-7f8e0de4d000 r--p 00020000 08:20 12483                      /usr/lib/x86_64-linux-gnu/libGLX.so.0.0.0
7f8e0de4d000-7f8e0de4e000 rw-p 00021000 08:20 12483                      /usr/lib/x86_64-linux-gnu/libGLX.so.0.0.0
7f8e0de4e000-7f8e0de5e000 rw-p 00000000 00:00 0 
7f8e0de5e000-7f8e0de9f000 r--p 00000000 08:20 12488                      /usr/lib/x86_64-linux-gnu/libGLdispatch.so.0.0.0
7f8e0de9f000-7f8e0dede000 r-xp 00041000 08:20 12488                      /usr/lib/x86_64-linux-gnu/libGLdispatch.so.0.0.0
7f8e0dede000-7f8e0def1000 r--p 00080000 08:20 12488                      /usr/lib/x86_64-linux-gnu/libGLdispatch.so.0.0.0
7f8e0def1000-7f8e0df0d000 r--p 00093000 08:20 12488                      /usr/lib/x86_64-linux-gnu/libGLdispatch.so.0.0.0
7f8e0df0d000-7f8e0df0e000 rw-p 000af000 08:20 12488                      /usr/lib/x86_64-linux-gnu/libGLdispatch.so.0.0.0
7f8e0df0e000-7f8e0df16000 rw-p 00000000 00:00 0 
7f8e0df16000-7f8e0df59000 r--p 00000000 08:20 12481                      /usr/lib/x86_64-linux-gnu/libGL.so.1.7.0
7f8e0df59000-7f8e0df79000 r-xp 00043000 08:20 12481                      /usr/lib/x86_64-linux-gnu/libGL.so.1.7.0
7f8e0df79000-7f8e0df8d000 r--p 00063000 08:20 12481                      /usr/lib/x86_64-linux-gnu/libGL.so.1.7.0
7f8e0df8d000-7f8e0df9b000 r--p 00077000 08:20 12481                      /usr/lib/x86_64-linux-gnu/libGL.so.1.7.0
7f8e0df9b000-7f8e0df9c000 rw-p 00085000 08:20 12481                      /usr/lib/x86_64-linux-gnu/libGL.so.1.7.0
7f8e0df9c000-7f8e0df9d000 rw-p 00000000 00:00 0 
7f8e0df9d000-7f8e0df9e000 r--p 00000000 08:20 12153                      /usr/lib/x86_64-linux-gnu/libgthread-2.0.so.0.8000.0
7f8e0df9e000-7f8e0df9f000 r-xp 00001000 08:20 12153                      /usr/lib/x86_64-linux-gnu/libgthread-2.0.so.0.8000.0
7f8e0df9f000-7f8e0dfa0000 r--p 00002000 08:20 12153                      /usr/lib/x86_64-linux-gnu/libgthread-2.0.so.0.8000.0
7f8e0dfa0000-7f8e0dfa1000 r--p 00002000 08:20 12153                      /usr/lib/x86_64-linux-gnu/libgthread-2.0.so.0.8000.0
7f8e0dfa1000-7f8e0dfa2000 rw-p 00003000 08:20 12153                      /usr/lib/x86_64-linux-gnu/libgthread-2.0.so.0.8000.0
7f8e0dfa2000-7f8e0dfa3000 ---p 00000000 00:00 0 
7f8e0dfa3000-7f8e0dfa7000 ---p 00000000 00:00 0 
7f8e0dfa7000-7f8e0e0a3000 rw-p 00000000 00:00 0 
7f8e0e0a3000-7f8e0e0a4000 ---p 00000000 00:00 0 
7f8e0e0a4000-7f8e0e0a8000 ---p 00000000 00:00 0 
7f8e0e0a8000-7f8e0e1a4000 rw-p 00000000 00:00 0 
7f8e0e1a4000-7f8e0e1a5000 ---p 00000000 00:00 0 
7f8e0e1a5000-7f8e0e1a9000 ---p 00000000 00:00 0 
7f8e0e1a9000-7f8e0e2a5000 rw-p 00000000 00:00 0 
7f8e0e2a5000-7f8e0e2a6000 ---p 00000000 00:00 0 
7f8e0e2a6000-7f8e0e2aa000 ---p 00000000 00:00 0 
7f8e0e2aa000-7f8e0e3a6000 rw-p 00000000 00:00 0 
7f8e0e3a6000-7f8e0e3a7000 ---p 00000000 00:00 0 
7f8e0e3a7000-7f8e0e4a7000 rw-p 00000000 00:00 0 
7f8e0e4a7000-7f8e0e4a8000 ---p 00000000 00:00 0 
7f8e0e4a8000-7f8e0e5a8000 rw-p 00000000 00:00 0 
7f8e0e5a8000-7f8e0e5ac000 r--p 00000000 08:20 12702                      /usr/lib/x86_64-linux-gnu/libgpg-error.so.0.34.0
7f8e0e5ac000-7f8e0e5c2000 r-xp 00004000 08:20 12702                      /usr/lib/x86_64-linux-gnu/libgpg-error.so.0.34.0
7f8e0e5c2000-7f8e0e5cb000 r--p 0001a000 08:20 12702                      /usr/lib/x86_64-linux-gnu/libgpg-error.so.0.34.0
7f8e0e5cb000-7f8e0e5cc000 r--p 00023000 08:20 12702                      /usr/lib/x86_64-linux-gnu/libgpg-error.so.0.34.0
7f8e0e5cc000-7f8e0e5cd000 rw-p 00024000 08:20 12702                      /usr/lib/x86_64-linux-gnu/libgpg-error.so.0.34.0
7f8e0e5cd000-7f8e0e5d1000 r--p 00000000 08:20 17427                      /usr/lib/x86_64-linux-gnu/libzstd.so.1.5.5
7f8e0e5d1000-7f8e0e678000 r-xp 00004000 08:20 17427                      /usr/lib/x86_64-linux-gnu/libzstd.so.1.5.5
7f8e0e678000-7f8e0e685000 r--p 000ab000 08:20 17427                      /usr/lib/x86_64-linux-gnu/libzstd.so.1.5.5
7f8e0e685000-7f8e0e686000 r--p 000b7000 08:20 17427                      /usr/lib/x86_64-linux-gnu/libzstd.so.1.5.5
7f8e0e686000-7f8e0e687000 rw-p 000b8000 08:20 17427                      /usr/lib/x86_64-linux-gnu/libzstd.so.1.5.5
7f8e0e687000-7f8e0e68a000 r--p 00000000 08:20 14561                      /usr/lib/x86_64-linux-gnu/liblzma.so.5.4.5
7f8e0e68a000-7f8e0e6ac000 r-xp 00003000 08:20 14561                      /usr/lib/x86_64-linux-gnu/liblzma.so.5.4.5
7f8e0e6ac000-7f8e0e6b7000 r--p 00025000 08:20 14561                      /usr/lib/x86_64-linux-gnu/liblzma.so.5.4.5
7f8e0e6b7000-7f8e0e6b8000 r--p 00030000 08:20 14561                      /usr/lib/x86_64-linux-gnu/liblzma.so.5.4.5
7f8e0e6b8000-7f8e0e6b9000 rw-p 00031000 08:20 14561                      /usr/lib/x86_64-linux-gnu/liblzma.so.5.4.5
7f8e0e6b9000-7f8e0e6bc000 r--p 00000000 08:20 12815                      /usr/lib/x86_64-linux-gnu/liblz4.so.1.9.4
7f8e0e6bc000-7f8e0e6d7000 r-xp 00003000 08:20 12815                      /usr/lib/x86_64-linux-gnu/liblz4.so.1.9.4
7f8e0e6d7000-7f8e0e6d9000 r--p 0001e000 08:20 12815                      /usr/lib/x86_64-linux-gnu/liblz4.so.1.9.4
7f8e0e6d9000-7f8e0e6da000 r--p 00020000 08:20 12815                      /usr/lib/x86_64-linux-gnu/liblz4.so.1.9.4
7f8e0e6da000-7f8e0e6db000 rw-p 00021000 08:20 12815                      /usr/lib/x86_64-linux-gnu/liblz4.so.1.9.4
7f8e0e6db000-7f8e0e6ea000 r--p 00000000 08:20 12676                      /usr/lib/x86_64-linux-gnu/libgcrypt.so.20.4.3
7f8e0e6ea000-7f8e0e7de000 r-xp 0000f000 08:20 12676                      /usr/lib/x86_64-linux-gnu/libgcrypt.so.20.4.3
7f8e0e7de000-7f8e0e819000 r--p 00103000 08:20 12676                      /usr/lib/x86_64-linux-gnu/libgcrypt.so.20.4.3
7f8e0e819000-7f8e0e81e000 r--p 0013e000 08:20 12676                      /usr/lib/x86_64-linux-gnu/libgcrypt.so.20.4.3
7f8e0e81e000-7f8e0e822000 rw-p 00143000 08:20 12676                      /usr/lib/x86_64-linux-gnu/libgcrypt.so.20.4.3
7f8e0e822000-7f8e0e823000 rw-p 00000000 00:00 0 
7f8e0e823000-7f8e0e826000 r--p 00000000 08:20 12582                      /usr/lib/x86_64-linux-gnu/libcap.so.2.66
7f8e0e826000-7f8e0e82c000 r-xp 00003000 08:20 12582                      /usr/lib/x86_64-linux-gnu/libcap.so.2.66
7f8e0e82c000-7f8e0e82e000 r--p 00009000 08:20 12582                      /usr/lib/x86_64-linux-gnu/libcap.so.2.66
7f8e0e82e000-7f8e0e82f000 r--p 0000b000 08:20 12582                      /usr/lib/x86_64-linux-gnu/libcap.so.2.66
7f8e0e82f000-7f8e0e830000 rw-p 0000c000 08:20 12582                      /usr/lib/x86_64-linux-gnu/libcap.so.2.66
7f8e0e830000-7f8e0e846000 r--p 00000000 08:20 11547                      /usr/lib/x86_64-linux-gnu/libsystemd.so.0.38.0
7f8e0e846000-7f8e0e8d5000 r-xp 00016000 08:20 11547                      /usr/lib/x86_64-linux-gnu/libsystemd.so.0.38.0
7f8e0e8d5000-7f8e0e903000 r--p 000a5000 08:20 11547                      /usr/lib/x86_64-linux-gnu/libsystemd.so.0.38.0
7f8e0e903000-7f8e0e90e000 r--p 000d2000 08:20 11547                      /usr/lib/x86_64-linux-gnu/libsystemd.so.0.38.0
7f8e0e90e000-7f8e0e90f000 rw-p 000dd000 08:20 11547                      /usr/lib/x86_64-linux-gnu/libsystemd.so.0.38.0
7f8e0e90f000-7f8e0e910000 rw-p 00000000 00:00 0 
7f8e0e910000-7f8e0e912000 r--p 00000000 08:20 12607                      /usr/lib/x86_64-linux-gnu/libdatrie.so.1.4.0
7f8e0e912000-7f8e0e916000 r-xp 00002000 08:20 12607                      /usr/lib/x86_64-linux-gnu/libdatrie.so.1.4.0
7f8e0e916000-7f8e0e917000 r--p 00006000 08:20 12607                      /usr/lib/x86_64-linux-gnu/libdatrie.so.1.4.0
7f8e0e917000-7f8e0e918000 r--p 00006000 08:20 12607                      /usr/lib/x86_64-linux-gnu/libdatrie.so.1.4.0
7f8e0e918000-7f8e0e919000 rw-p 00007000 08:20 12607                      /usr/lib/x86_64-linux-gnu/libdatrie.so.1.4.0
7f8e0e919000-7f8e0e920000 r--p 00000000 08:20 14445                      /usr/lib/x86_64-linux-gnu/libblkid.so.1.1.0
7f8e0e920000-7f8e0e944000 r-xp 00007000 08:20 14445                      /usr/lib/x86_64-linux-gnu/libblkid.so.1.1.0
7f8e0e944000-7f8e0e94d000 r--p 0002b000 08:20 14445                      /usr/lib/x86_64-linux-gnu/libblkid.so.1.1.0
7f8e0e94d000-7f8e0e953000 r--p 00033000 08:20 14445                      /usr/lib/x86_64-linux-gnu/libblkid.so.1.1.0
7f8e0e953000-7f8e0e954000 rw-p 00039000 08:20 14445                      /usr/lib/x86_64-linux-gnu/libblkid.so.1.1.0
7f8e0e954000-7f8e0e960000 r--p 00000000 08:20 20395                      /usr/lib/x86_64-linux-gnu/libdbus-1.so.3.32.4
7f8e0e960000-7f8e0e990000 r-xp 0000c000 08:20 20395                      /usr/lib/x86_64-linux-gnu/libdbus-1.so.3.32.4
7f8e0e990000-7f8e0e9a1000 r--p 0003c000 08:20 20395                      /usr/lib/x86_64-linux-gnu/libdbus-1.so.3.32.4
7f8e0e9a1000-7f8e0e9a2000 r--p 0004c000 08:20 20395                      /usr/lib/x86_64-linux-gnu/libdbus-1.so.3.32.4
7f8e0e9a2000-7f8e0e9a3000 rw-p 0004d000 08:20 20395                      /usr/lib/x86_64-linux-gnu/libdbus-1.so.3.32.4
7f8e0e9a3000-7f8e0e9b3000 r--p 00000000 08:20 12548                      /usr/lib/x86_64-linux-gnu/libatspi.so.0.0.1
7f8e0e9b3000-7f8e0e9cc000 r-xp 00010000 08:20 12548                      /usr/lib/x86_64-linux-gnu/libatspi.so.0.0.1
7f8e0e9cc000-7f8e0e9d9000 r--p 00029000 08:20 12548                      /usr/lib/x86_64-linux-gnu/libatspi.so.0.0.1
7f8e0e9d9000-7f8e0e9dc000 r--p 00036000 08:20 12548                      /usr/lib/x86_64-linux-gnu/libatspi.so.0.0.1
7f8e0e9dc000-7f8e0e9dd000 rw-p 00039000 08:20 12548                      /usr/lib/x86_64-linux-gnu/libatspi.so.0.0.1
7f8e0e9dd000-7f8e0e9e1000 r--p 00000000 08:20 12751                      /usr/lib/x86_64-linux-gnu/libjpeg.so.8.2.2
7f8e0e9e1000-7f8e0ea2e000 r-xp 00004000 08:20 12751                      /usr/lib/x86_64-linux-gnu/libjpeg.so.8.2.2
7f8e0ea2e000-7f8e0ea5e000 r--p 00051000 08:20 12751                      /usr/lib/x86_64-linux-gnu/libjpeg.so.8.2.2
7f8e0ea5e000-7f8e0ea5f000 r--p 00081000 08:20 12751                      /usr/lib/x86_64-linux-gnu/libjpeg.so.8.2.2
7f8e0ea5f000-7f8e0ea60000 rw-p 00082000 08:20 12751                      /usr/lib/x86_64-linux-gnu/libjpeg.so.8.2.2
7f8e0ea60000-7f8e0ea64000 r--p 00000000 08:20 50185                      /usr/lib/x86_64-linux-gnu/libexpat.so.1.9.1
7f8e0ea64000-7f8e0ea80000 r-xp 00004000 08:20 50185                      /usr/lib/x86_64-linux-gnu/libexpat.so.1.9.1
7f8e0ea80000-7f8e0ea88000 r--p 00020000 08:20 50185                      /usr/lib/x86_64-linux-gnu/libexpat.so.1.9.1
7f8e0ea88000-7f8e0ea8a000 r--p 00027000 08:20 50185                      /usr/lib/x86_64-linux-gnu/libexpat.so.1.9.1
7f8e0ea8a000-7f8e0ea8b000 rw-p 00029000 08:20 50185                      /usr/lib/x86_64-linux-gnu/libexpat.so.1.9.1
7f8e0ea8b000-7f8e0ea95000 r--p 00000000 08:20 12839                      /usr/lib/x86_64-linux-gnu/libpixman-1.so.0.42.2
7f8e0ea95000-7f8e0eb22000 r-xp 0000a000 08:20 12839                      /usr/lib/x86_64-linux-gnu/libpixman-1.so.0.42.2
7f8e0eb22000-7f8e0eb31000 r--p 00097000 08:20 12839                      /usr/lib/x86_64-linux-gnu/libpixman-1.so.0.42.2
7f8e0eb31000-7f8e0eb39000 r--p 000a5000 08:20 12839                      /usr/lib/x86_64-linux-gnu/libpixman-1.so.0.42.2
7f8e0eb39000-7f8e0eb3a000 rw-p 000ad000 08:20 12839                      /usr/lib/x86_64-linux-gnu/libpixman-1.so.0.42.2
7f8e0eb3a000-7f8e0eb3b000 r--p 00000000 08:20 12960                      /usr/lib/x86_64-linux-gnu/libxcb-shm.so.0.0.0
7f8e0eb3b000-7f8e0eb3c000 r-xp 00001000 08:20 12960                      /usr/lib/x86_64-linux-gnu/libxcb-shm.so.0.0.0
7f8e0eb3c000-7f8e0eb3d000 r--p 00002000 08:20 12960                      /usr/lib/x86_64-linux-gnu/libxcb-shm.so.0.0.0
7f8e0eb3d000-7f8e0eb3e000 r--p 00002000 08:20 12960                      /usr/lib/x86_64-linux-gnu/libxcb-shm.so.0.0.0
7f8e0eb3e000-7f8e0eb3f000 rw-p 00003000 08:20 12960                      /usr/lib/x86_64-linux-gnu/libxcb-shm.so.0.0.0
7f8e0eb3f000-7f8e0eb44000 r--p 00000000 08:20 12958                      /usr/lib/x86_64-linux-gnu/libxcb-render.so.0.0.0
7f8e0eb44000-7f8e0eb49000 r-xp 00005000 08:20 12958                      /usr/lib/x86_64-linux-gnu/libxcb-render.so.0.0.0
7f8e0eb49000-7f8e0eb4c000 r--p 0000a000 08:20 12958                      /usr/lib/x86_64-linux-gnu/libxcb-render.so.0.0.0
7f8e0eb4c000-7f8e0eb4d000 r--p 0000c000 08:20 12958                      /usr/lib/x86_64-linux-gnu/libxcb-render.so.0.0.0
7f8e0eb4d000-7f8e0eb4e000 rw-p 0000d000 08:20 12958                      /usr/lib/x86_64-linux-gnu/libxcb-render.so.0.0.0
7f8e0eb4e000-7f8e0eb50000 r--p 00000000 08:20 12901                      /usr/lib/x86_64-linux-gnu/libthai.so.0.3.1
7f8e0eb50000-7f8e0eb54000 r-xp 00002000 08:20 12901                      /usr/lib/x86_64-linux-gnu/libthai.so.0.3.1
7f8e0eb54000-7f8e0eb57000 r--p 00006000 08:20 12901                      /usr/lib/x86_64-linux-gnu/libthai.so.0.3.1
7f8e0eb57000-7f8e0eb58000 r--p 00008000 08:20 12901                      /usr/lib/x86_64-linux-gnu/libthai.so.0.3.1
7f8e0eb58000-7f8e0eb59000 rw-p 00009000 08:20 12901                      /usr/lib/x86_64-linux-gnu/libthai.so.0.3.1
7f8e0eb59000-7f8e0eb5f000 r--p 00000000 08:20 12868                      /usr/lib/x86_64-linux-gnu/libselinux.so.1
7f8e0eb5f000-7f8e0eb7c000 r-xp 00006000 08:20 12868                      /usr/lib/x86_64-linux-gnu/libselinux.so.1
7f8e0eb7c000-7f8e0eb82000 r--p 00023000 08:20 12868                      /usr/lib/x86_64-linux-gnu/libselinux.so.1
7f8e0eb82000-7f8e0eb83000 r--p 00029000 08:20 12868                      /usr/lib/x86_64-linux-gnu/libselinux.so.1
7f8e0eb83000-7f8e0eb84000 rw-p 0002a000 08:20 12868                      /usr/lib/x86_64-linux-gnu/libselinux.so.1
7f8e0eb84000-7f8e0eb86000 rw-p 00000000 00:00 0 
7f8e0eb86000-7f8e0eb8f000 r--p 00000000 08:20 17395                      /usr/lib/x86_64-linux-gnu/libmount.so.1.1.0
7f8e0eb8f000-7f8e0ebc3000 r-xp 00009000 08:20 17395                      /usr/lib/x86_64-linux-gnu/libmount.so.1.1.0
7f8e0ebc3000-7f8e0ebd0000 r--p 0003d000 08:20 17395                      /usr/lib/x86_64-linux-gnu/libmount.so.1.1.0
7f8e0ebd0000-7f8e0ebd2000 r--p 00049000 08:20 17395                      /usr/lib/x86_64-linux-gnu/libmount.so.1.1.0
7f8e0ebd2000-7f8e0ebd3000 rw-p 0004b000 08:20 17395                      /usr/lib/x86_64-linux-gnu/libmount.so.1.1.0
7f8e0ebd3000-7f8e0ebd5000 r--p 00000000 08:20 12659                      /usr/lib/x86_64-linux-gnu/libffi.so.8.1.4
7f8e0ebd5000-7f8e0ebdc000 r-xp 00002000 08:20 12659                      /usr/lib/x86_64-linux-gnu/libffi.so.8.1.4
7f8e0ebdc000-7f8e0ebdd000 r--p 00009000 08:20 12659                      /usr/lib/x86_64-linux-gnu/libffi.so.8.1.4
7f8e0ebdd000-7f8e0ebde000 r--p 0000a000 08:20 12659                      /usr/lib/x86_64-linux-gnu/libffi.so.8.1.4
7f8e0ebde000-7f8e0ebdf000 rw-p 0000b000 08:20 12659                      /usr/lib/x86_64-linux-gnu/libffi.so.8.1.4
7f8e0ebdf000-7f8e0ebe1000 r--p 00000000 08:20 12520                      /usr/lib/x86_64-linux-gnu/libXrandr.so.2.2.0
7f8e0ebe1000-7f8e0ebe8000 r-xp 00002000 08:20 12520                      /usr/lib/x86_64-linux-gnu/libXrandr.so.2.2.0
7f8e0ebe8000-7f8e0ebea000 r--p 00009000 08:20 12520                      /usr/lib/x86_64-linux-gnu/libXrandr.so.2.2.0
7f8e0ebea000-7f8e0ebeb000 r--p 0000a000 08:20 12520                      /usr/lib/x86_64-linux-gnu/libXrandr.so.2.2.0
7f8e0ebeb000-7f8e0ebec000 rw-p 0000b000 08:20 12520                      /usr/lib/x86_64-linux-gnu/libXrandr.so.2.2.0
7f8e0ebec000-7f8e0ebed000 r--p 00000000 08:20 12502                      /usr/lib/x86_64-linux-gnu/libXcomposite.so.1.0.0
7f8e0ebed000-7f8e0ebee000 r-xp 00001000 08:20 12502                      /usr/lib/x86_64-linux-gnu/libXcomposite.so.1.0.0
7f8e0ebee000-7f8e0ebef000 r--p 00002000 08:20 12502                      /usr/lib/x86_64-linux-gnu/libXcomposite.so.1.0.0
7f8e0ebef000-7f8e0ebf0000 r--p 00002000 08:20 12502                      /usr/lib/x86_64-linux-gnu/libXcomposite.so.1.0.0
7f8e0ebf0000-7f8e0ebf1000 rw-p 00003000 08:20 12502                      /usr/lib/x86_64-linux-gnu/libXcomposite.so.1.0.0
7f8e0ebf1000-7f8e0ebf2000 r--p 00000000 08:20 12506                      /usr/lib/x86_64-linux-gnu/libXdamage.so.1.1.0
7f8e0ebf2000-7f8e0ebf3000 r-xp 00001000 08:20 12506                      /usr/lib/x86_64-linux-gnu/libXdamage.so.1.1.0
7f8e0ebf3000-7f8e0ebf4000 r--p 00002000 08:20 12506                      /usr/lib/x86_64-linux-gnu/libXdamage.so.1.1.0
7f8e0ebf4000-7f8e0ebf5000 r--p 00002000 08:20 12506                      /usr/lib/x86_64-linux-gnu/libXdamage.so.1.1.0
7f8e0ebf5000-7f8e0ebf6000 rw-p 00003000 08:20 12506                      /usr/lib/x86_64-linux-gnu/libXdamage.so.1.1.0
7f8e0ebf6000-7f8e0ebf8000 r--p 00000000 08:20 12940                      /usr/lib/x86_64-linux-gnu/libwayland-cursor.so.0.22.0
7f8e0ebf8000-7f8e0ebfa000 r-xp 00002000 08:20 12940                      /usr/lib/x86_64-linux-gnu/libwayland-cursor.so.0.22.0
7f8e0ebfa000-7f8e0ebfb000 r--p 00004000 08:20 12940                      /usr/lib/x86_64-linux-gnu/libwayland-cursor.so.0.22.0
7f8e0ebfb000-7f8e0ebfc000 r--p 00004000 08:20 12940                      /usr/lib/x86_64-linux-gnu/libwayland-cursor.so.0.22.0
7f8e0ebfc000-7f8e0ec00000 rw-p 00005000 08:20 12940                      /usr/lib/x86_64-linux-gnu/libwayland-cursor.so.0.22.0
7f8e0ec00000-7f8e0ec05000 r--p 00000000 08:20 12968                      /usr/lib/x86_64-linux-gnu/libxkbcommon.so.0.0.0
7f8e0ec05000-7f8e0ec25000 r-xp 00005000 08:20 12968                      /usr/lib/x86_64-linux-gnu/libxkbcommon.so.0.0.0
7f8e0ec25000-7f8e0ec46000 r--p 00025000 08:20 12968                      /usr/lib/x86_64-linux-gnu/libxkbcommon.so.0.0.0
7f8e0ec46000-7f8e0ec48000 r--p 00045000 08:20 12968                      /usr/lib/x86_64-linux-gnu/libxkbcommon.so.0.0.0
7f8e0ec48000-7f8e0ec49000 rw-p 00047000 08:20 12968                      /usr/lib/x86_64-linux-gnu/libxkbcommon.so.0.0.0
7f8e0ec49000-7f8e0ec55000 r--p 00000000 08:20 12544                      /usr/lib/x86_64-linux-gnu/libatk-bridge-2.0.so.0.0.0
7f8e0ec55000-7f8e0ec6f000 r-xp 0000c000 08:20 12544                      /usr/lib/x86_64-linux-gnu/libatk-bridge-2.0.so.0.0.0
7f8e0ec6f000-7f8e0ec82000 r--p 00026000 08:20 12544                      /usr/lib/x86_64-linux-gnu/libatk-bridge-2.0.so.0.0.0
7f8e0ec82000-7f8e0ec83000 r--p 00039000 08:20 12544                      /usr/lib/x86_64-linux-gnu/libatk-bridge-2.0.so.0.0.0
7f8e0ec83000-7f8e0ec85000 rw-p 0003a000 08:20 12544                      /usr/lib/x86_64-linux-gnu/libatk-bridge-2.0.so.0.0.0
7f8e0ec85000-7f8e0ece5000 r--p 00000000 08:20 12643                      /usr/lib/x86_64-linux-gnu/libepoxy.so.0.0.0
7f8e0ece5000-7f8e0ed4b000 r-xp 00060000 08:20 12643                      /usr/lib/x86_64-linux-gnu/libepoxy.so.0.0.0
7f8e0ed4b000-7f8e0ed99000 r--p 000c6000 08:20 12643                      /usr/lib/x86_64-linux-gnu/libepoxy.so.0.0.0
7f8e0ed99000-7f8e0eda1000 r--p 00113000 08:20 12643                      /usr/lib/x86_64-linux-gnu/libepoxy.so.0.0.0
7f8e0eda1000-7f8e0eda8000 rw-p 0011b000 08:20 12643                      /usr/lib/x86_64-linux-gnu/libepoxy.so.0.0.0
7f8e0eda8000-7f8e0edb3000 r--p 00000000 08:20 12542                      /usr/lib/x86_64-linux-gnu/libatk-1.0.so.0.25209.1
7f8e0edb3000-7f8e0edc3000 r-xp 0000b000 08:20 12542                      /usr/lib/x86_64-linux-gnu/libatk-1.0.so.0.25209.1
7f8e0edc3000-7f8e0edce000 r--p 0001b000 08:20 12542                      /usr/lib/x86_64-linux-gnu/libatk-1.0.so.0.25209.1
7f8e0edce000-7f8e0edd1000 r--p 00026000 08:20 12542                      /usr/lib/x86_64-linux-gnu/libatk-1.0.so.0.25209.1
7f8e0edd1000-7f8e0edd2000 rw-p 00029000 08:20 12542                      /usr/lib/x86_64-linux-gnu/libatk-1.0.so.0.25209.1
7f8e0edd2000-7f8e0edda000 r--p 00000000 08:20 152449                     /usr/lib/x86_64-linux-gnu/libgdk_pixbuf-2.0.so.0.4200.10
7f8e0edda000-7f8e0edf5000 r-xp 00008000 08:20 152449                     /usr/lib/x86_64-linux-gnu/libgdk_pixbuf-2.0.so.0.4200.10
7f8e0edf5000-7f8e0edfe000 r--p 00023000 08:20 152449                     /usr/lib/x86_64-linux-gnu/libgdk_pixbuf-2.0.so.0.4200.10
7f8e0edfe000-7f8e0edff000 r--p 0002c000 08:20 152449                     /usr/lib/x86_64-linux-gnu/libgdk_pixbuf-2.0.so.0.4200.10
7f8e0edff000-7f8e0ee00000 rw-p 0002d000 08:20 152449                     /usr/lib/x86_64-linux-gnu/libgdk_pixbuf-2.0.so.0.4200.10
7f8e0ee00000-7f8e0ee08000 r--p 00000000 08:20 12663                      /usr/lib/x86_64-linux-gnu/libfontconfig.so.1.12.1
7f8e0ee08000-7f8e0ee37000 r-xp 00008000 08:20 12663                      /usr/lib/x86_64-linux-gnu/libfontconfig.so.1.12.1
7f8e0ee37000-7f8e0ee4e000 r--p 00037000 08:20 12663                      /usr/lib/x86_64-linux-gnu/libfontconfig.so.1.12.1
7f8e0ee4e000-7f8e0ee50000 r--p 0004d000 08:20 12663                      /usr/lib/x86_64-linux-gnu/libfontconfig.so.1.12.1
7f8e0ee50000-7f8e0ee51000 rw-p 0004f000 08:20 12663                      /usr/lib/x86_64-linux-gnu/libfontconfig.so.1.12.1
7f8e0ee51000-7f8e0ee65000 r--p 00000000 08:20 12578                      /usr/lib/x86_64-linux-gnu/libcairo.so.2.11800.0
7f8e0ee65000-7f8e0ef56000 r-xp 00014000 08:20 12578                      /usr/lib/x86_64-linux-gnu/libcairo.so.2.11800.0
7f8e0ef56000-7f8e0ef8e000 r--p 00105000 08:20 12578                      /usr/lib/x86_64-linux-gnu/libcairo.so.2.11800.0
7f8e0ef8e000-7f8e0ef92000 r--p 0013d000 08:20 12578                      /usr/lib/x86_64-linux-gnu/libcairo.so.2.11800.0
7f8e0ef92000-7f8e0ef94000 rw-p 00141000 08:20 12578                      /usr/lib/x86_64-linux-gnu/libcairo.so.2.11800.0
7f8e0ef94000-7f8e0ef95000 rw-p 00000000 00:00 0 
7f8e0ef95000-7f8e0efa8000 r--p 00000000 08:20 12824                      /usr/lib/x86_64-linux-gnu/libpango-1.0.so.0.5200.1
7f8e0efa8000-7f8e0efe1000 r-xp 00013000 08:20 12824                      /usr/lib/x86_64-linux-gnu/libpango-1.0.so.0.5200.1
7f8e0efe1000-7f8e0effb000 r--p 0004c000 08:20 12824                      /usr/lib/x86_64-linux-gnu/libpango-1.0.so.0.5200.1
7f8e0effb000-7f8e0efff000 r--p 00065000 08:20 12824                      /usr/lib/x86_64-linux-gnu/libpango-1.0.so.0.5200.1
7f8e0efff000-7f8e0f000000 rw-p 00069000 08:20 12824                      /usr/lib/x86_64-linux-gnu/libpango-1.0.so.0.5200.1
7f8e0f000000-7f8e0f400000 rw-p 00000000 00:00 0 
7f8e0f400000-7f8e0f460000 rw-p 00000000 00:00 0 
7f8e0f460000-7f8e0f480000 rw-p 00000000 00:00 0 
7f8e0f480000-7f8e0f500000 rw-p 00000000 00:00 0 
7f8e0f500000-7f8e0f700000 rw-p 00000000 00:00 0 
7f8e0f700000-7f8e0f720000 rw-p 00000000 00:00 0 
7f8e0f720000-7f8e0f740000 rw-p 00000000 00:00 0 
7f8e0f740000-7f8e0f780000 rw-p 00000000 00:00 0 
7f8e0f780000-7f8e0f900000 rw-p 00000000 00:00 0 
7f8e0f900000-7f8e0f980000 rw-p 00000000 00:00 0 
7f8e0f980000-7f8e0fb00000 rw-p 00000000 00:00 0 
7f8e0fb00000-7f8e0fb20000 rw-p 00000000 00:00 0 
7f8e0fb20000-7f8e0fb40000 rw-p 00000000 00:00 0 
7f8e0fb40000-7f8e0fb80000 rw-p 00000000 00:00 0 
7f8e0fb80000-7f8e0fc70000 rw-p 00000000 00:00 0 
7f8e0fc70000-7f8e0fd00000 ---p 00000000 00:00 0 
7f8e0fd00000-7f8e0fd10000 rw-p 00000000 00:00 0 
7f8e0fd10000-7f8e13000000 ---p 00000000 00:00 0 
7f8e13000000-7f8e13cae000 rw-p 00001000 08:20 64025                      /usr/lib/jvm/java-21-openjdk-amd64/lib/server/classes.jsa
7f8e13cae000-7f8e14000000 ---p 00000000 00:00 0 
7f8e14000000-7f8e14040000 rw-p 00000000 00:00 0 
7f8e14040000-7f8e140c0000 rw-p 00000000 00:00 0 
7f8e140c0000-7f8e140e0000 rw-p 00000000 00:00 0 
7f8e140e0000-7f8e14120000 rw-p 00000000 00:00 0 
7f8e14120000-7f8e14140000 rw-p 00000000 00:00 0 
7f8e14140000-7f8e141a0000 rw-p 00000000 00:00 0 
7f8e141a0000-7f8e141c0000 ---p 00000000 00:00 0 
7f8e141c0000-7f8e141d0000 rw-p 00000000 00:00 0 
7f8e141d0000-7f8e54000000 ---p 00000000 00:00 0 
7f8e54000000-7f8e54021000 rw-p 00000000 00:00 0 
7f8e54021000-7f8e58000000 ---p 00000000 00:00 0 
7f8e58000000-7f8e58021000 rw-p 00000000 00:00 0 
7f8e58021000-7f8e5c000000 ---p 00000000 00:00 0 
7f8e5c000000-7f8e5c021000 rw-p 00000000 00:00 0 
7f8e5c021000-7f8e60000000 ---p 00000000 00:00 0 
7f8e60000000-7f8e60001000 r--p 00000000 08:20 12942                      /usr/lib/x86_64-linux-gnu/libwayland-egl.so.1.22.0
7f8e60001000-7f8e60002000 r-xp 00001000 08:20 12942                      /usr/lib/x86_64-linux-gnu/libwayland-egl.so.1.22.0
7f8e60002000-7f8e60003000 r--p 00002000 08:20 12942                      /usr/lib/x86_64-linux-gnu/libwayland-egl.so.1.22.0
7f8e60003000-7f8e60004000 r--p 00002000 08:20 12942                      /usr/lib/x86_64-linux-gnu/libwayland-egl.so.1.22.0
7f8e60004000-7f8e60005000 rw-p 00003000 08:20 12942                      /usr/lib/x86_64-linux-gnu/libwayland-egl.so.1.22.0
7f8e60005000-7f8e6000a000 r--p 00000000 08:20 12938                      /usr/lib/x86_64-linux-gnu/libwayland-client.so.0.22.0
7f8e6000a000-7f8e60010000 r-xp 00005000 08:20 12938                      /usr/lib/x86_64-linux-gnu/libwayland-client.so.0.22.0
7f8e60010000-7f8e60012000 r--p 0000b000 08:20 12938                      /usr/lib/x86_64-linux-gnu/libwayland-client.so.0.22.0
7f8e60012000-7f8e60014000 r--p 0000d000 08:20 12938                      /usr/lib/x86_64-linux-gnu/libwayland-client.so.0.22.0
7f8e60014000-7f8e60015000 rw-p 0000f000 08:20 12938                      /usr/lib/x86_64-linux-gnu/libwayland-client.so.0.22.0
7f8e60015000-7f8e60019000 r--p 00000000 08:20 12576                      /usr/lib/x86_64-linux-gnu/libcairo-gobject.so.2.11800.0
7f8e60019000-7f8e6001b000 r-xp 00004000 08:20 12576                      /usr/lib/x86_64-linux-gnu/libcairo-gobject.so.2.11800.0
7f8e6001b000-7f8e6001e000 r--p 00006000 08:20 12576                      /usr/lib/x86_64-linux-gnu/libcairo-gobject.so.2.11800.0
7f8e6001e000-7f8e60020000 r--p 00008000 08:20 12576                      /usr/lib/x86_64-linux-gnu/libcairo-gobject.so.2.11800.0
7f8e60020000-7f8e60021000 rw-p 0000a000 08:20 12576                      /usr/lib/x86_64-linux-gnu/libcairo-gobject.so.2.11800.0
7f8e60021000-7f8e60023000 r--p 00000000 08:20 12669                      /usr/lib/x86_64-linux-gnu/libfribidi.so.0.4.0
7f8e60023000-7f8e60027000 r-xp 00002000 08:20 12669                      /usr/lib/x86_64-linux-gnu/libfribidi.so.0.4.0
7f8e60027000-7f8e6003d000 r--p 00006000 08:20 12669                      /usr/lib/x86_64-linux-gnu/libfribidi.so.0.4.0
7f8e6003d000-7f8e6003e000 r--p 0001c000 08:20 12669                      /usr/lib/x86_64-linux-gnu/libfribidi.so.0.4.0
7f8e6003e000-7f8e6003f000 rw-p 0001d000 08:20 12669                      /usr/lib/x86_64-linux-gnu/libfribidi.so.0.4.0
7f8e6003f000-7f8e60047000 r--p 00000000 08:20 12828                      /usr/lib/x86_64-linux-gnu/libpangoft2-1.0.so.0.5200.1
7f8e60047000-7f8e60054000 r-xp 00008000 08:20 12828                      /usr/lib/x86_64-linux-gnu/libpangoft2-1.0.so.0.5200.1
7f8e60054000-7f8e60058000 r--p 00015000 08:20 12828                      /usr/lib/x86_64-linux-gnu/libpangoft2-1.0.so.0.5200.1
7f8e60058000-7f8e60059000 r--p 00019000 08:20 12828                      /usr/lib/x86_64-linux-gnu/libpangoft2-1.0.so.0.5200.1
7f8e60059000-7f8e6005a000 rw-p 0001a000 08:20 12828                      /usr/lib/x86_64-linux-gnu/libpangoft2-1.0.so.0.5200.1
7f8e6005a000-7f8e6005f000 r--p 00000000 08:20 12826                      /usr/lib/x86_64-linux-gnu/libpangocairo-1.0.so.0.5200.1
7f8e6005f000-7f8e60067000 r-xp 00005000 08:20 12826                      /usr/lib/x86_64-linux-gnu/libpangocairo-1.0.so.0.5200.1
7f8e60067000-7f8e60069000 r--p 0000d000 08:20 12826                      /usr/lib/x86_64-linux-gnu/libpangocairo-1.0.so.0.5200.1
7f8e60069000-7f8e6006a000 r--p 0000f000 08:20 12826                      /usr/lib/x86_64-linux-gnu/libpangocairo-1.0.so.0.5200.1
7f8e6006a000-7f8e6006b000 rw-p 00010000 08:20 12826                      /usr/lib/x86_64-linux-gnu/libpangocairo-1.0.so.0.5200.1
7f8e6006b000-7f8e600a4000 r--p 00000000 08:20 12149                      /usr/lib/x86_64-linux-gnu/libgio-2.0.so.0.8000.0
7f8e600a4000-7f8e601bb000 r-xp 00039000 08:20 12149                      /usr/lib/x86_64-linux-gnu/libgio-2.0.so.0.8000.0
7f8e601bb000-7f8e60230000 r--p 00150000 08:20 12149                      /usr/lib/x86_64-linux-gnu/libgio-2.0.so.0.8000.0
7f8e60230000-7f8e60238000 r--p 001c4000 08:20 12149                      /usr/lib/x86_64-linux-gnu/libgio-2.0.so.0.8000.0
7f8e60238000-7f8e60239000 rw-p 001cc000 08:20 12149                      /usr/lib/x86_64-linux-gnu/libgio-2.0.so.0.8000.0
7f8e60239000-7f8e6023b000 rw-p 00000000 00:00 0 
7f8e6023b000-7f8e6024a000 r--p 00000000 08:20 12152                      /usr/lib/x86_64-linux-gnu/libgobject-2.0.so.0.8000.0
7f8e6024a000-7f8e60281000 r-xp 0000f000 08:20 12152                      /usr/lib/x86_64-linux-gnu/libgobject-2.0.so.0.8000.0
7f8e60281000-7f8e6029a000 r--p 00046000 08:20 12152                      /usr/lib/x86_64-linux-gnu/libgobject-2.0.so.0.8000.0
7f8e6029a000-7f8e6029d000 r--p 0005e000 08:20 12152                      /usr/lib/x86_64-linux-gnu/libgobject-2.0.so.0.8000.0
7f8e6029d000-7f8e6029e000 rw-p 00061000 08:20 12152                      /usr/lib/x86_64-linux-gnu/libgobject-2.0.so.0.8000.0
7f8e6029e000-7f8e602a0000 r--p 00000000 08:20 12151                      /usr/lib/x86_64-linux-gnu/libgmodule-2.0.so.0.8000.0
7f8e602a0000-7f8e602a2000 r-xp 00002000 08:20 12151                      /usr/lib/x86_64-linux-gnu/libgmodule-2.0.so.0.8000.0
7f8e602a2000-7f8e602a3000 r--p 00004000 08:20 12151                      /usr/lib/x86_64-linux-gnu/libgmodule-2.0.so.0.8000.0
7f8e602a3000-7f8e602a4000 r--p 00004000 08:20 12151                      /usr/lib/x86_64-linux-gnu/libgmodule-2.0.so.0.8000.0
7f8e602a4000-7f8e602a5000 rw-p 00005000 08:20 12151                      /usr/lib/x86_64-linux-gnu/libgmodule-2.0.so.0.8000.0
7f8e602a5000-7f8e602cf000 r--p 00000000 08:20 20892                      /usr/lib/x86_64-linux-gnu/libgdk-3.so.0.2409.32
7f8e602cf000-7f8e60353000 r-xp 0002a000 08:20 20892                      /usr/lib/x86_64-linux-gnu/libgdk-3.so.0.2409.32
7f8e60353000-7f8e60395000 r--p 000ae000 08:20 20892                      /usr/lib/x86_64-linux-gnu/libgdk-3.so.0.2409.32
7f8e60395000-7f8e6039e000 r--p 000ef000 08:20 20892                      /usr/lib/x86_64-linux-gnu/libgdk-3.so.0.2409.32
7f8e6039e000-7f8e603a0000 rw-p 000f8000 08:20 20892                      /usr/lib/x86_64-linux-gnu/libgdk-3.so.0.2409.32
7f8e603a0000-7f8e60423000 r--p 00000000 08:20 43448                      /usr/lib/x86_64-linux-gnu/libgtk-3.so.0.2409.32
7f8e60423000-7f8e607d1000 r-xp 00083000 08:20 43448                      /usr/lib/x86_64-linux-gnu/libgtk-3.so.0.2409.32
7f8e607d1000-7f8e60b4f000 r--p 00431000 08:20 43448                      /usr/lib/x86_64-linux-gnu/libgtk-3.so.0.2409.32
7f8e60b4f000-7f8e60b5f000 r--p 007ae000 08:20 43448                      /usr/lib/x86_64-linux-gnu/libgtk-3.so.0.2409.32
7f8e60b5f000-7f8e60b61000 rw-p 007be000 08:20 43448                      /usr/lib/x86_64-linux-gnu/libgtk-3.so.0.2409.32
7f8e60b61000-7f8e60b66000 rw-p 00000000 00:00 0 
7f8e60b66000-7f8e60b67000 ---p 00000000 00:00 0 
7f8e60b67000-7f8e60b6b000 ---p 00000000 00:00 0 
7f8e60b6b000-7f8e60c67000 rw-p 00000000 00:00 0 
7f8e60c67000-7f8e60c68000 ---p 00000000 00:00 0 
7f8e60c68000-7f8e60c6c000 ---p 00000000 00:00 0 
7f8e60c6c000-7f8e60d68000 rw-p 00000000 00:00 0 
7f8e60d68000-7f8e60d6a000 r--p 00000000 08:20 12512                      /usr/lib/x86_64-linux-gnu/libXfixes.so.3.1.0
7f8e60d6a000-7f8e60d6d000 r-xp 00002000 08:20 12512                      /usr/lib/x86_64-linux-gnu/libXfixes.so.3.1.0
7f8e60d6d000-7f8e60d6e000 r--p 00005000 08:20 12512                      /usr/lib/x86_64-linux-gnu/libXfixes.so.3.1.0
7f8e60d6e000-7f8e60d6f000 r--p 00005000 08:20 12512                      /usr/lib/x86_64-linux-gnu/libXfixes.so.3.1.0
7f8e60d6f000-7f8e60d70000 rw-p 00006000 08:20 12512                      /usr/lib/x86_64-linux-gnu/libXfixes.so.3.1.0
7f8e60d70000-7f8e60d72000 r--p 00000000 08:20 12504                      /usr/lib/x86_64-linux-gnu/libXcursor.so.1.0.2
7f8e60d72000-7f8e60d78000 r-xp 00002000 08:20 12504                      /usr/lib/x86_64-linux-gnu/libXcursor.so.1.0.2
7f8e60d78000-7f8e60d7a000 r--p 00008000 08:20 12504                      /usr/lib/x86_64-linux-gnu/libXcursor.so.1.0.2
7f8e60d7a000-7f8e60d7b000 r--p 00009000 08:20 12504                      /usr/lib/x86_64-linux-gnu/libXcursor.so.1.0.2
7f8e60d7b000-7f8e60d7c000 rw-p 0000a000 08:20 12504                      /usr/lib/x86_64-linux-gnu/libXcursor.so.1.0.2
7f8e60d7c000-7f8e60d7d000 r--p 00000000 08:20 12563                      /usr/lib/x86_64-linux-gnu/libbrotlicommon.so.1.1.0
7f8e60d7d000-7f8e60d7e000 r-xp 00001000 08:20 12563                      /usr/lib/x86_64-linux-gnu/libbrotlicommon.so.1.1.0
7f8e60d7e000-7f8e60d9d000 r--p 00002000 08:20 12563                      /usr/lib/x86_64-linux-gnu/libbrotlicommon.so.1.1.0
7f8e60d9d000-7f8e60d9e000 r--p 00021000 08:20 12563                      /usr/lib/x86_64-linux-gnu/libbrotlicommon.so.1.1.0
7f8e60d9e000-7f8e60d9f000 rw-p 00022000 08:20 12563                      /usr/lib/x86_64-linux-gnu/libbrotlicommon.so.1.1.0
7f8e60d9f000-7f8e60da1000 r--p 00000000 08:20 12833                      /usr/lib/x86_64-linux-gnu/libpcre2-8.so.0.11.2
7f8e60da1000-7f8e60e0f000 r-xp 00002000 08:20 12833                      /usr/lib/x86_64-linux-gnu/libpcre2-8.so.0.11.2
7f8e60e0f000-7f8e60e37000 r--p 00070000 08:20 12833                      /usr/lib/x86_64-linux-gnu/libpcre2-8.so.0.11.2
7f8e60e37000-7f8e60e38000 r--p 00097000 08:20 12833                      /usr/lib/x86_64-linux-gnu/libpcre2-8.so.0.11.2
7f8e60e38000-7f8e60e39000 rw-p 00098000 08:20 12833                      /usr/lib/x86_64-linux-gnu/libpcre2-8.so.0.11.2
7f8e60e39000-7f8e60e3a000 r--p 00000000 08:20 12565                      /usr/lib/x86_64-linux-gnu/libbrotlidec.so.1.1.0
7f8e60e3a000-7f8e60e42000 r-xp 00001000 08:20 12565                      /usr/lib/x86_64-linux-gnu/libbrotlidec.so.1.1.0
7f8e60e42000-7f8e60e45000 r--p 00009000 08:20 12565                      /usr/lib/x86_64-linux-gnu/libbrotlidec.so.1.1.0
7f8e60e45000-7f8e60e46000 r--p 0000b000 08:20 12565                      /usr/lib/x86_64-linux-gnu/libbrotlidec.so.1.1.0
7f8e60e46000-7f8e60e47000 rw-p 0000c000 08:20 12565                      /usr/lib/x86_64-linux-gnu/libbrotlidec.so.1.1.0
7f8e60e47000-7f8e60e4c000 r--p 00000000 08:20 12841                      /usr/lib/x86_64-linux-gnu/libpng16.so.16.43.0
7f8e60e4c000-7f8e60e74000 r-xp 00005000 08:20 12841                      /usr/lib/x86_64-linux-gnu/libpng16.so.16.43.0
7f8e60e74000-7f8e60e7d000 r--p 0002d000 08:20 12841                      /usr/lib/x86_64-linux-gnu/libpng16.so.16.43.0
7f8e60e7d000-7f8e60e7e000 r--p 00035000 08:20 12841                      /usr/lib/x86_64-linux-gnu/libpng16.so.16.43.0
7f8e60e7e000-7f8e60e7f000 rw-p 00036000 08:20 12841                      /usr/lib/x86_64-linux-gnu/libpng16.so.16.43.0
7f8e60e7f000-7f8e60e81000 r--p 00000000 08:20 12226                      /usr/lib/x86_64-linux-gnu/libbz2.so.1.0.4
7f8e60e81000-7f8e60e8f000 r-xp 00002000 08:20 12226                      /usr/lib/x86_64-linux-gnu/libbz2.so.1.0.4
7f8e60e8f000-7f8e60e91000 r--p 00010000 08:20 12226                      /usr/lib/x86_6